##################################
#                                #
#           mw2spa NLP           #
#                                #
##################################

Processamento de entrada NLP: arquivo luft02-21.txt
Gramática NLP: arquivo wirth_mod_nlp_luft_all.txt
Dicionário NLP: arquivo /home/nkmiura/Documentos/TeseExperimentos/dict/LuftDict.yml
Done.

#! ThreadId 795 Output Plain: [([([([([([("Esse"(pd)PrA_3)]"rapaz"(n)SS_9)][("estudou"(vint)SV_3)]Nuc_1)][("tanto"(advint)[("que"(conjsub)[([("adoeceu"(vint)SV_3)]O_4)]OS_1)]SAdv_3)]"."(punct)OA_1)]PS_1)]F_3)]


#! ThreadId 795 Output JSON: {"nterm":{"children":[{"nterm":{"children":[{"nterm":{"children":[{"nterm":{"children":[{"nterm":{"children":[{"nterm":{"children":[{"term":{"content":"Esse","name":"pd"}}],"name":"PrA_3"}},{"term":{"content":"rapaz","name":"n"}}],"name":"SS_9"}},{"nterm":{"children":[{"term":{"content":"estudou","name":"vint"}}],"name":"SV_3"}}],"name":"Nuc_1"}},{"nterm":{"children":[{"term":{"content":"tanto","name":"advint"}},{"nterm":{"children":[{"term":{"content":"que","name":"conjsub"}},{"nterm":{"children":[{"nterm":{"children":[{"term":{"content":"adoeceu","name":"vint"}}],"name":"SV_3"}}],"name":"O_4"}}],"name":"OS_1"}}],"name":"SAdv_3"}},{"term":{"content":".","name":"punct"}}],"name":"OA_1"}}],"name":"PS_1"}}],"name":"F_3"}}


#! ThreadId 795 Output Latex: [\nt{F_3}[\nt{PS_1}[\nt{OA_1}[\nt{Nuc_1}[\nt{SS_9}[\nt{PrA_3}[\nt{pd}[\nt{``Esse"}]]][\nt{n}[\nt{``rapaz"}]]][\nt{SV_3}[\nt{vint}[\nt{``estudou"}]]]][\nt{SAdv_3}[\nt{advint}[\nt{``tanto"}]][\nt{OS_1}[\nt{conjsub}[\nt{``que"}]][\nt{O_4}[\nt{SV_3}[\nt{vint}[\nt{``adoeceu"}]]]]]][\nt{punct}[\nt{``."}]]]]]


#! ThreadId 1305 Output Plain: [([([([([("Esse"(pd)PrA_3)]"rapaz"(n)SS_9)][("estudou"(vint)SV_3)][("tanto"(advint)[("que"(conjsub)[([("adoeceu"(vint)SV_3)]O_4)]OS_1)]SAdv_3)]"."(punct)OA_5)]PS_1)]F_3)]


#! ThreadId 1305 Output JSON: {"nterm":{"children":[{"nterm":{"children":[{"nterm":{"children":[{"nterm":{"children":[{"nterm":{"children":[{"term":{"content":"Esse","name":"pd"}}],"name":"PrA_3"}},{"term":{"content":"rapaz","name":"n"}}],"name":"SS_9"}},{"nterm":{"children":[{"term":{"content":"estudou","name":"vint"}}],"name":"SV_3"}},{"nterm":{"children":[{"term":{"content":"tanto","name":"advint"}},{"nterm":{"children":[{"term":{"content":"que","name":"conjsub"}},{"nterm":{"children":[{"nterm":{"children":[{"term":{"content":"adoeceu","name":"vint"}}],"name":"SV_3"}}],"name":"O_4"}}],"name":"OS_1"}}],"name":"SAdv_3"}},{"term":{"content":".","name":"punct"}}],"name":"OA_5"}}],"name":"PS_1"}}],"name":"F_3"}}


#! ThreadId 1305 Output Latex: [\nt{F_3}[\nt{PS_1}[\nt{OA_5}[\nt{SS_9}[\nt{PrA_3}[\nt{pd}[\nt{``Esse"}]]][\nt{n}[\nt{``rapaz"}]]][\nt{SV_3}[\nt{vint}[\nt{``estudou"}]]][\nt{SAdv_3}[\nt{advint}[\nt{``tanto"}]][\nt{OS_1}[\nt{conjsub}[\nt{``que"}]][\nt{O_4}[\nt{SV_3}[\nt{vint}[\nt{``adoeceu"}]]]]]][\nt{punct}[\nt{``."}]]]]]


#! ThreadId 3544 Output Plain: [([([([([("Esse"(pd)PrA_3)]"rapaz"(n)SS_9)][("estudou"(vint)[("tanto"(advint)[("que"(conjsub)[([("adoeceu"(vint)SV_3)]O_4)]OS_1)]SAdv_3)]SV_4)]"."(punct)OA_4)]PS_1)]F_3)]


#! ThreadId 3544 Output JSON: {"nterm":{"children":[{"nterm":{"children":[{"nterm":{"children":[{"nterm":{"children":[{"nterm":{"children":[{"term":{"content":"Esse","name":"pd"}}],"name":"PrA_3"}},{"term":{"content":"rapaz","name":"n"}}],"name":"SS_9"}},{"nterm":{"children":[{"term":{"content":"estudou","name":"vint"}},{"nterm":{"children":[{"term":{"content":"tanto","name":"advint"}},{"nterm":{"children":[{"term":{"content":"que","name":"conjsub"}},{"nterm":{"children":[{"nterm":{"children":[{"term":{"content":"adoeceu","name":"vint"}}],"name":"SV_3"}}],"name":"O_4"}}],"name":"OS_1"}}],"name":"SAdv_3"}}],"name":"SV_4"}},{"term":{"content":".","name":"punct"}}],"name":"OA_4"}}],"name":"PS_1"}}],"name":"F_3"}}


#! ThreadId 2952 Output Plain: [([([([([("Esse"(pd)PrA_3)]"rapaz"(n)SS_9)][("estudou"(vint)[("tanto"(advint)[("que"(conjsub)[([("adoeceu"(vint)SV_3)]O_4)]OS_1)]SAdv_3)]SV_4)]"."(punct)OP_4)]PCS_1)]F_2)]


#! ThreadId 3544 Output Latex: [\nt{F_3}[\nt{PS_1}[\nt{OA_4}[\nt{SS_9}[\nt{PrA_3}[\nt{pd}[\nt{``Esse"}]]][\nt{n}[\nt{``rapaz"}]]][\nt{SV_4}[\nt{vint}[\nt{``estudou"}]][\nt{SAdv_3}[\nt{advint}[\nt{``tanto"}]][\nt{OS_1}[\nt{conjsub}[\nt{``que"}]][\nt{O_4}[\nt{SV_3}[\nt{vint}[\nt{``adoeceu"}]]]]]]][\nt{punct}[\nt{``."}]]]]]


#! ThreadId 2952 Output JSON: {"nterm":{"children":[{"nterm":{"children":[{"nterm":{"children":[{"nterm":{"children":[{"nterm":{"children":[{"term":{"content":"Esse","name":"pd"}}],"name":"PrA_3"}},{"term":{"content":"rapaz","name":"n"}}],"name":"SS_9"}},{"nterm":{"children":[{"term":{"content":"estudou","name":"vint"}},{"nterm":{"children":[{"term":{"content":"tanto","name":"advint"}},{"nterm":{"children":[{"term":{"content":"que","name":"conjsub"}},{"nterm":{"children":[{"nterm":{"children":[{"term":{"content":"adoeceu","name":"vint"}}],"name":"SV_3"}}],"name":"O_4"}}],"name":"OS_1"}}],"name":"SAdv_3"}}],"name":"SV_4"}},{"term":{"content":".","name":"punct"}}],"name":"OP_4"}}],"name":"PCS_1"}}],"name":"F_2"}}


#! ThreadId 2952 Output Latex: [\nt{F_2}[\nt{PCS_1}[\nt{OP_4}[\nt{SS_9}[\nt{PrA_3}[\nt{pd}[\nt{``Esse"}]]][\nt{n}[\nt{``rapaz"}]]][\nt{SV_4}[\nt{vint}[\nt{``estudou"}]][\nt{SAdv_3}[\nt{advint}[\nt{``tanto"}]][\nt{OS_1}[\nt{conjsub}[\nt{``que"}]][\nt{O_4}[\nt{SV_3}[\nt{vint}[\nt{``adoeceu"}]]]]]]][\nt{punct}[\nt{``."}]]]]]

