##################################
#                                #
#           mw2spa NLP           #
#                                #
##################################

Processamento de entrada NLP: arquivo luft02-00.txt
Gramática NLP: arquivo wirth_mod_nlp_luft_all.txt
Dicionário NLP: arquivo /home/nkmiura/Documentos/TeseExperimentos/dict/LuftDict.yml
Done.

#! ThreadId 365 Output Plain: [([([([([("Nenhum"(pind)PrA_5)]"aluno"(n)SS_9)][("conhece"(vtd)[([("o"(artd)PrA_1)]"livro"(n)SS_9)]SV_5)]"."(punct)OP_4)]PCS_1)]F_2)]


#! ThreadId 365 Output JSON: {"nterm":{"children":[{"nterm":{"children":[{"nterm":{"children":[{"nterm":{"children":[{"nterm":{"children":[{"term":{"content":"Nenhum","name":"pind"}}],"name":"PrA_5"}},{"term":{"content":"aluno","name":"n"}}],"name":"SS_9"}},{"nterm":{"children":[{"term":{"content":"conhece","name":"vtd"}},{"nterm":{"children":[{"nterm":{"children":[{"term":{"content":"o","name":"artd"}}],"name":"PrA_1"}},{"term":{"content":"livro","name":"n"}}],"name":"SS_9"}}],"name":"SV_5"}},{"term":{"content":".","name":"punct"}}],"name":"OP_4"}}],"name":"PCS_1"}}],"name":"F_2"}}


#! ThreadId 365 Output Latex: [\nt{F_2}[\nt{PCS_1}[\nt{OP_4}[\nt{SS_9}[\nt{PrA_5}[\nt{pind}[\nt{``Nenhum"}]]][\nt{n}[\nt{``aluno"}]]][\nt{SV_5}[\nt{vtd}[\nt{``conhece"}]][\nt{SS_9}[\nt{PrA_1}[\nt{artd}[\nt{``o"}]]][\nt{n}[\nt{``livro"}]]]][\nt{punct}[\nt{``."}]]]]]


#! ThreadId 2454 Output Plain: [([([([([("Nenhum"(pind)PrA_5)]"aluno"(n)[([((ε)SS_12)][("conhece"(vtd)[([("o"(artd)PrA_1)]"livro"(n)SS_9)]SV_5)]OSAR_6)]SS_10)][((ε)SN_7)]"."(punct)OP_3)]PCS_1)]F_2)]


#! ThreadId 1628 Output Plain: [([([([([("Nenhum"(pind)PrA_5)]"aluno"(n)SS_9)][("conhece"(vtd)[([("o"(artd)PrA_1)]"livro"(n)SS_9)]SV_5)]"."(punct)OA_4)]PS_1)]F_3)]


#! ThreadId 2896 Output Plain: [([([([([("Nenhum"(pind)PrA_5)]"aluno"(n)[([((ε)SS_12)][("conhece"(vtd)[([("o"(artd)PrA_1)]"livro"(n)SS_9)]SV_5)]OSAR_6)]SS_10)][((ε)SN_7)]"."(punct)OA_3)]PS_1)]F_3)]


#! ThreadId 1628 Output JSON: {"nterm":{"children":[{"nterm":{"children":[{"nterm":{"children":[{"nterm":{"children":[{"nterm":{"children":[{"term":{"content":"Nenhum","name":"pind"}}],"name":"PrA_5"}},{"term":{"content":"aluno","name":"n"}}],"name":"SS_9"}},{"nterm":{"children":[{"term":{"content":"conhece","name":"vtd"}},{"nterm":{"children":[{"nterm":{"children":[{"term":{"content":"o","name":"artd"}}],"name":"PrA_1"}},{"term":{"content":"livro","name":"n"}}],"name":"SS_9"}}],"name":"SV_5"}},{"term":{"content":".","name":"punct"}}],"name":"OA_4"}}],"name":"PS_1"}}],"name":"F_3"}}


#! ThreadId 2454 Output JSON: {"nterm":{"children":[{"nterm":{"children":[{"nterm":{"children":[{"nterm":{"children":[{"nterm":{"children":[{"term":{"content":"Nenhum","name":"pind"}}],"name":"PrA_5"}},{"term":{"content":"aluno","name":"n"}},{"nterm":{"children":[{"nterm":{"children":[{"empty":""}],"name":"SS_12"}},{"nterm":{"children":[{"term":{"content":"conhece","name":"vtd"}},{"nterm":{"children":[{"nterm":{"children":[{"term":{"content":"o","name":"artd"}}],"name":"PrA_1"}},{"term":{"content":"livro","name":"n"}}],"name":"SS_9"}}],"name":"SV_5"}}],"name":"OSAR_6"}}],"name":"SS_10"}},{"nterm":{"children":[{"empty":""}],"name":"SN_7"}},{"term":{"content":".","name":"punct"}}],"name":"OP_3"}}],"name":"PCS_1"}}],"name":"F_2"}}


#! ThreadId 2896 Output JSON: {"nterm":{"children":[{"nterm":{"children":[{"nterm":{"children":[{"nterm":{"children":[{"nterm":{"children":[{"term":{"content":"Nenhum","name":"pind"}}],"name":"PrA_5"}},{"term":{"content":"aluno","name":"n"}},{"nterm":{"children":[{"nterm":{"children":[{"empty":""}],"name":"SS_12"}},{"nterm":{"children":[{"term":{"content":"conhece","name":"vtd"}},{"nterm":{"children":[{"nterm":{"children":[{"term":{"content":"o","name":"artd"}}],"name":"PrA_1"}},{"term":{"content":"livro","name":"n"}}],"name":"SS_9"}}],"name":"SV_5"}}],"name":"OSAR_6"}}],"name":"SS_10"}},{"nterm":{"children":[{"empty":""}],"name":"SN_7"}},{"term":{"content":".","name":"punct"}}],"name":"OA_3"}}],"name":"PS_1"}}],"name":"F_3"}}


#! ThreadId 1628 Output Latex: [\nt{F_3}[\nt{PS_1}[\nt{OA_4}[\nt{SS_9}[\nt{PrA_5}[\nt{pind}[\nt{``Nenhum"}]]][\nt{n}[\nt{``aluno"}]]][\nt{SV_5}[\nt{vtd}[\nt{``conhece"}]][\nt{SS_9}[\nt{PrA_1}[\nt{artd}[\nt{``o"}]]][\nt{n}[\nt{``livro"}]]]][\nt{punct}[\nt{``."}]]]]]


#! ThreadId 2454 Output Latex: [\nt{F_2}[\nt{PCS_1}[\nt{OP_3}[\nt{SS_10}[\nt{PrA_5}[\nt{pind}[\nt{``Nenhum"}]]][\nt{n}[\nt{``aluno"}]][\nt{OSAR_6}[\nt{SS_12}[\nt{\epsilon}]][\nt{SV_5}[\nt{vtd}[\nt{``conhece"}]][\nt{SS_9}[\nt{PrA_1}[\nt{artd}[\nt{``o"}]]][\nt{n}[\nt{``livro"}]]]]]][\nt{SN_7}[\nt{\epsilon}]][\nt{punct}[\nt{``."}]]]]]


#! ThreadId 2896 Output Latex: [\nt{F_3}[\nt{PS_1}[\nt{OA_3}[\nt{SS_10}[\nt{PrA_5}[\nt{pind}[\nt{``Nenhum"}]]][\nt{n}[\nt{``aluno"}]][\nt{OSAR_6}[\nt{SS_12}[\nt{\epsilon}]][\nt{SV_5}[\nt{vtd}[\nt{``conhece"}]][\nt{SS_9}[\nt{PrA_1}[\nt{artd}[\nt{``o"}]]][\nt{n}[\nt{``livro"}]]]]]][\nt{SN_7}[\nt{\epsilon}]][\nt{punct}[\nt{``."}]]]]]

