##################################
#                                #
#           mw2spa NLP           #
#                                #
##################################

Processamento de entrada NLP: arquivo luft02-06.txt
Gramática NLP: arquivo wirth_mod_nlp_luft_all.txt
Dicionário NLP: arquivo /home/nkmiura/Documentos/TeseExperimentos/dict/LuftDict.yml
Done.

#! ThreadId 682 Output Plain: [([([([([("Algum"(pind)PrA_5)]"professor"(n)SS_9)][("emprestou"(vtdi)[([("o"(artd)PrA_1)]"livro"(n)SS_9)][("a_"(prep)[([("aquele"(pd)PrA_3)]"aluno"(n)SS_9)]SP_3)]SV_7)]"."(punct)OP_4)]PCS_1)]F_2)]


#! ThreadId 682 Output JSON: {"nterm":{"children":[{"nterm":{"children":[{"nterm":{"children":[{"nterm":{"children":[{"nterm":{"children":[{"term":{"content":"Algum","name":"pind"}}],"name":"PrA_5"}},{"term":{"content":"professor","name":"n"}}],"name":"SS_9"}},{"nterm":{"children":[{"term":{"content":"emprestou","name":"vtdi"}},{"nterm":{"children":[{"nterm":{"children":[{"term":{"content":"o","name":"artd"}}],"name":"PrA_1"}},{"term":{"content":"livro","name":"n"}}],"name":"SS_9"}},{"nterm":{"children":[{"term":{"content":"a_","name":"prep"}},{"nterm":{"children":[{"nterm":{"children":[{"term":{"content":"aquele","name":"pd"}}],"name":"PrA_3"}},{"term":{"content":"aluno","name":"n"}}],"name":"SS_9"}}],"name":"SP_3"}}],"name":"SV_7"}},{"term":{"content":".","name":"punct"}}],"name":"OP_4"}}],"name":"PCS_1"}}],"name":"F_2"}}


#! ThreadId 682 Output Latex: [\nt{F_2}[\nt{PCS_1}[\nt{OP_4}[\nt{SS_9}[\nt{PrA_5}[\nt{pind}[\nt{``Algum"}]]][\nt{n}[\nt{``professor"}]]][\nt{SV_7}[\nt{vtdi}[\nt{``emprestou"}]][\nt{SS_9}[\nt{PrA_1}[\nt{artd}[\nt{``o"}]]][\nt{n}[\nt{``livro"}]]][\nt{SP_3}[\nt{prep}[\nt{``a_"}]][\nt{SS_9}[\nt{PrA_3}[\nt{pd}[\nt{``aquele"}]]][\nt{n}[\nt{``aluno"}]]]]][\nt{punct}[\nt{``."}]]]]]


#! ThreadId 1044 Output Plain: [([([([([("Algum"(pind)PrA_5)]"professor"(n)SS_9)][("emprestou"(vtdi)[([("o"(artd)PrA_1)]"livro"(n)SS_9)][([("a_"(prep)[([("aquele"(pd)PrA_3)]"aluno"(n)SS_9)]SP_3)]SAdv_6)]SV_6)]"."(punct)OP_4)]PCS_1)]F_2)]


#! ThreadId 1044 Output JSON: {"nterm":{"children":[{"nterm":{"children":[{"nterm":{"children":[{"nterm":{"children":[{"nterm":{"children":[{"term":{"content":"Algum","name":"pind"}}],"name":"PrA_5"}},{"term":{"content":"professor","name":"n"}}],"name":"SS_9"}},{"nterm":{"children":[{"term":{"content":"emprestou","name":"vtdi"}},{"nterm":{"children":[{"nterm":{"children":[{"term":{"content":"o","name":"artd"}}],"name":"PrA_1"}},{"term":{"content":"livro","name":"n"}}],"name":"SS_9"}},{"nterm":{"children":[{"nterm":{"children":[{"term":{"content":"a_","name":"prep"}},{"nterm":{"children":[{"nterm":{"children":[{"term":{"content":"aquele","name":"pd"}}],"name":"PrA_3"}},{"term":{"content":"aluno","name":"n"}}],"name":"SS_9"}}],"name":"SP_3"}}],"name":"SAdv_6"}}],"name":"SV_6"}},{"term":{"content":".","name":"punct"}}],"name":"OP_4"}}],"name":"PCS_1"}}],"name":"F_2"}}


#! ThreadId 1044 Output Latex: [\nt{F_2}[\nt{PCS_1}[\nt{OP_4}[\nt{SS_9}[\nt{PrA_5}[\nt{pind}[\nt{``Algum"}]]][\nt{n}[\nt{``professor"}]]][\nt{SV_6}[\nt{vtdi}[\nt{``emprestou"}]][\nt{SS_9}[\nt{PrA_1}[\nt{artd}[\nt{``o"}]]][\nt{n}[\nt{``livro"}]]][\nt{SAdv_6}[\nt{SP_3}[\nt{prep}[\nt{``a_"}]][\nt{SS_9}[\nt{PrA_3}[\nt{pd}[\nt{``aquele"}]]][\nt{n}[\nt{``aluno"}]]]]]][\nt{punct}[\nt{``."}]]]]]


#! ThreadId 2555 Output Plain: [([([([([("Algum"(pind)PrA_5)]"professor"(n)SS_9)][("emprestou"(vtdi)[([("o"(artd)PrA_1)]"livro"(n)SS_9)][("a_"(prep)[([("aquele"(pd)PrA_3)]"aluno"(n)SS_9)]SP_3)]SV_7)]"."(punct)OA_4)]PS_1)]F_3)]


#! ThreadId 2555 Output JSON: {"nterm":{"children":[{"nterm":{"children":[{"nterm":{"children":[{"nterm":{"children":[{"nterm":{"children":[{"term":{"content":"Algum","name":"pind"}}],"name":"PrA_5"}},{"term":{"content":"professor","name":"n"}}],"name":"SS_9"}},{"nterm":{"children":[{"term":{"content":"emprestou","name":"vtdi"}},{"nterm":{"children":[{"nterm":{"children":[{"term":{"content":"o","name":"artd"}}],"name":"PrA_1"}},{"term":{"content":"livro","name":"n"}}],"name":"SS_9"}},{"nterm":{"children":[{"term":{"content":"a_","name":"prep"}},{"nterm":{"children":[{"nterm":{"children":[{"term":{"content":"aquele","name":"pd"}}],"name":"PrA_3"}},{"term":{"content":"aluno","name":"n"}}],"name":"SS_9"}}],"name":"SP_3"}}],"name":"SV_7"}},{"term":{"content":".","name":"punct"}}],"name":"OA_4"}}],"name":"PS_1"}}],"name":"F_3"}}


#! ThreadId 2555 Output Latex: [\nt{F_3}[\nt{PS_1}[\nt{OA_4}[\nt{SS_9}[\nt{PrA_5}[\nt{pind}[\nt{``Algum"}]]][\nt{n}[\nt{``professor"}]]][\nt{SV_7}[\nt{vtdi}[\nt{``emprestou"}]][\nt{SS_9}[\nt{PrA_1}[\nt{artd}[\nt{``o"}]]][\nt{n}[\nt{``livro"}]]][\nt{SP_3}[\nt{prep}[\nt{``a_"}]][\nt{SS_9}[\nt{PrA_3}[\nt{pd}[\nt{``aquele"}]]][\nt{n}[\nt{``aluno"}]]]]][\nt{punct}[\nt{``."}]]]]]


#! ThreadId 2876 Output Plain: [([([([([("Algum"(pind)PrA_5)]"professor"(n)SS_9)][("emprestou"(vtdi)[([("o"(artd)PrA_1)]"livro"(n)SS_9)][([("a_"(prep)[([("aquele"(pd)PrA_3)]"aluno"(n)SS_9)]SP_3)]SAdv_6)]SV_6)]"."(punct)OA_4)]PS_1)]F_3)]


#! ThreadId 2876 Output JSON: {"nterm":{"children":[{"nterm":{"children":[{"nterm":{"children":[{"nterm":{"children":[{"nterm":{"children":[{"term":{"content":"Algum","name":"pind"}}],"name":"PrA_5"}},{"term":{"content":"professor","name":"n"}}],"name":"SS_9"}},{"nterm":{"children":[{"term":{"content":"emprestou","name":"vtdi"}},{"nterm":{"children":[{"nterm":{"children":[{"term":{"content":"o","name":"artd"}}],"name":"PrA_1"}},{"term":{"content":"livro","name":"n"}}],"name":"SS_9"}},{"nterm":{"children":[{"nterm":{"children":[{"term":{"content":"a_","name":"prep"}},{"nterm":{"children":[{"nterm":{"children":[{"term":{"content":"aquele","name":"pd"}}],"name":"PrA_3"}},{"term":{"content":"aluno","name":"n"}}],"name":"SS_9"}}],"name":"SP_3"}}],"name":"SAdv_6"}}],"name":"SV_6"}},{"term":{"content":".","name":"punct"}}],"name":"OA_4"}}],"name":"PS_1"}}],"name":"F_3"}}


#! ThreadId 2876 Output Latex: [\nt{F_3}[\nt{PS_1}[\nt{OA_4}[\nt{SS_9}[\nt{PrA_5}[\nt{pind}[\nt{``Algum"}]]][\nt{n}[\nt{``professor"}]]][\nt{SV_6}[\nt{vtdi}[\nt{``emprestou"}]][\nt{SS_9}[\nt{PrA_1}[\nt{artd}[\nt{``o"}]]][\nt{n}[\nt{``livro"}]]][\nt{SAdv_6}[\nt{SP_3}[\nt{prep}[\nt{``a_"}]][\nt{SS_9}[\nt{PrA_3}[\nt{pd}[\nt{``aquele"}]]][\nt{n}[\nt{``aluno"}]]]]]][\nt{punct}[\nt{``."}]]]]]

