##################################
#                                #
#           mw2spa NLP           #
#                                #
##################################

Processamento de entrada NLP: arquivo luft02-12.txt
Gramática NLP: arquivo wirth_mod_nlp_luft_all.txt
Dicionário NLP: arquivo /home/nkmiura/Documentos/TeseExperimentos/dict/LuftDict.yml
Done.

#! ThreadId 318 Output Plain: [([([([("Amo"(vtd)[([("a"(artd)PrA_1)]"terra"(n)[([("onde"(pr)SAdv_4)]"nasci"(vint)OSAR_2)]SS_10)]SV_5)]"."(punct)OA_7)]PS_1)]F_3)]


#! ThreadId 318 Output JSON: {"nterm":{"children":[{"nterm":{"children":[{"nterm":{"children":[{"nterm":{"children":[{"term":{"content":"Amo","name":"vtd"}},{"nterm":{"children":[{"nterm":{"children":[{"term":{"content":"a","name":"artd"}}],"name":"PrA_1"}},{"term":{"content":"terra","name":"n"}},{"nterm":{"children":[{"nterm":{"children":[{"term":{"content":"onde","name":"pr"}}],"name":"SAdv_4"}},{"term":{"content":"nasci","name":"vint"}}],"name":"OSAR_2"}}],"name":"SS_10"}}],"name":"SV_5"}},{"term":{"content":".","name":"punct"}}],"name":"OA_7"}}],"name":"PS_1"}}],"name":"F_3"}}


#! ThreadId 318 Output Latex: [\nt{F_3}[\nt{PS_1}[\nt{OA_7}[\nt{SV_5}[\nt{vtd}[\nt{``Amo"}]][\nt{SS_10}[\nt{PrA_1}[\nt{artd}[\nt{``a"}]]][\nt{n}[\nt{``terra"}]][\nt{OSAR_2}[\nt{SAdv_4}[\nt{pr}[\nt{``onde"}]]][\nt{vint}[\nt{``nasci"}]]]]][\nt{punct}[\nt{``."}]]]]]


#! ThreadId 430 Output Plain: [([([([("Amo"(vtd)[([("a"(artd)PrA_1)]"terra"(n)[([("onde"(pr)SS_5)][("nasci"(vint)SV_3)]OSAR_6)]SS_10)]SV_5)]"."(punct)OA_7)]PS_1)]F_3)]


#! ThreadId 430 Output JSON: {"nterm":{"children":[{"nterm":{"children":[{"nterm":{"children":[{"nterm":{"children":[{"term":{"content":"Amo","name":"vtd"}},{"nterm":{"children":[{"nterm":{"children":[{"term":{"content":"a","name":"artd"}}],"name":"PrA_1"}},{"term":{"content":"terra","name":"n"}},{"nterm":{"children":[{"nterm":{"children":[{"term":{"content":"onde","name":"pr"}}],"name":"SS_5"}},{"nterm":{"children":[{"term":{"content":"nasci","name":"vint"}}],"name":"SV_3"}}],"name":"OSAR_6"}}],"name":"SS_10"}}],"name":"SV_5"}},{"term":{"content":".","name":"punct"}}],"name":"OA_7"}}],"name":"PS_1"}}],"name":"F_3"}}


#! ThreadId 430 Output Latex: [\nt{F_3}[\nt{PS_1}[\nt{OA_7}[\nt{SV_5}[\nt{vtd}[\nt{``Amo"}]][\nt{SS_10}[\nt{PrA_1}[\nt{artd}[\nt{``a"}]]][\nt{n}[\nt{``terra"}]][\nt{OSAR_6}[\nt{SS_5}[\nt{pr}[\nt{``onde"}]]][\nt{SV_3}[\nt{vint}[\nt{``nasci"}]]]]]][\nt{punct}[\nt{``."}]]]]]


#! ThreadId 1864 Output Plain: [([([([("Amo"(vtd)[([("a"(artd)PrA_1)]"terra"(n)[([("onde"(pr)SS_5)][("nasci"(vint)SV_3)]OSAR_6)]SS_10)]SV_5)]"."(punct)OP_5)]PCS_1)]F_2)]


#! ThreadId 1864 Output JSON: {"nterm":{"children":[{"nterm":{"children":[{"nterm":{"children":[{"nterm":{"children":[{"term":{"content":"Amo","name":"vtd"}},{"nterm":{"children":[{"nterm":{"children":[{"term":{"content":"a","name":"artd"}}],"name":"PrA_1"}},{"term":{"content":"terra","name":"n"}},{"nterm":{"children":[{"nterm":{"children":[{"term":{"content":"onde","name":"pr"}}],"name":"SS_5"}},{"nterm":{"children":[{"term":{"content":"nasci","name":"vint"}}],"name":"SV_3"}}],"name":"OSAR_6"}}],"name":"SS_10"}}],"name":"SV_5"}},{"term":{"content":".","name":"punct"}}],"name":"OP_5"}}],"name":"PCS_1"}}],"name":"F_2"}}


#! ThreadId 1864 Output Latex: [\nt{F_2}[\nt{PCS_1}[\nt{OP_5}[\nt{SV_5}[\nt{vtd}[\nt{``Amo"}]][\nt{SS_10}[\nt{PrA_1}[\nt{artd}[\nt{``a"}]]][\nt{n}[\nt{``terra"}]][\nt{OSAR_6}[\nt{SS_5}[\nt{pr}[\nt{``onde"}]]][\nt{SV_3}[\nt{vint}[\nt{``nasci"}]]]]]][\nt{punct}[\nt{``."}]]]]]


#! ThreadId 2151 Output Plain: [([([([("Amo"(vtd)[([("a"(artd)PrA_1)]"terra"(n)[([("onde"(pr)SAdv_4)]"nasci"(vint)OSAR_2)]SS_10)]SV_5)]"."(punct)OP_5)]PCS_1)]F_2)]


#! ThreadId 2151 Output JSON: {"nterm":{"children":[{"nterm":{"children":[{"nterm":{"children":[{"nterm":{"children":[{"term":{"content":"Amo","name":"vtd"}},{"nterm":{"children":[{"nterm":{"children":[{"term":{"content":"a","name":"artd"}}],"name":"PrA_1"}},{"term":{"content":"terra","name":"n"}},{"nterm":{"children":[{"nterm":{"children":[{"term":{"content":"onde","name":"pr"}}],"name":"SAdv_4"}},{"term":{"content":"nasci","name":"vint"}}],"name":"OSAR_2"}}],"name":"SS_10"}}],"name":"SV_5"}},{"term":{"content":".","name":"punct"}}],"name":"OP_5"}}],"name":"PCS_1"}}],"name":"F_2"}}


#! ThreadId 2151 Output Latex: [\nt{F_2}[\nt{PCS_1}[\nt{OP_5}[\nt{SV_5}[\nt{vtd}[\nt{``Amo"}]][\nt{SS_10}[\nt{PrA_1}[\nt{artd}[\nt{``a"}]]][\nt{n}[\nt{``terra"}]][\nt{OSAR_2}[\nt{SAdv_4}[\nt{pr}[\nt{``onde"}]]][\nt{vint}[\nt{``nasci"}]]]]][\nt{punct}[\nt{``."}]]]]]

