##################################
#                                #
#           mw2spa NLP           #
#                                #
##################################

Processamento de entrada NLP: arquivo luft01-16.txt
Gramática NLP: arquivo wirth_mod_nlp_luft_all.txt
Dicionário NLP: arquivo /home/nkmiura/Documentos/TeseExperimentos/dict/LuftDict.yml
Done.

#! ThreadId 493 Output Plain: [([([([([("O"(ppoa)SP_2)]SAdv_6)][([("filho"(n)SS_6)][("obedece"(vti)[("a"(prep)[([("o"(artd)PrA_1)]"pai"(n)SS_9)]SP_3)]SV_10)]Nuc_1)]"."(punct)OP_1)]PCS_1)]F_2)]


#! ThreadId 493 Output JSON: {"nterm":{"children":[{"nterm":{"children":[{"nterm":{"children":[{"nterm":{"children":[{"nterm":{"children":[{"term":{"content":"O","name":"ppoa"}}],"name":"SP_2"}}],"name":"SAdv_6"}},{"nterm":{"children":[{"nterm":{"children":[{"term":{"content":"filho","name":"n"}}],"name":"SS_6"}},{"nterm":{"children":[{"term":{"content":"obedece","name":"vti"}},{"nterm":{"children":[{"term":{"content":"a","name":"prep"}},{"nterm":{"children":[{"nterm":{"children":[{"term":{"content":"o","name":"artd"}}],"name":"PrA_1"}},{"term":{"content":"pai","name":"n"}}],"name":"SS_9"}}],"name":"SP_3"}}],"name":"SV_10"}}],"name":"Nuc_1"}},{"term":{"content":".","name":"punct"}}],"name":"OP_1"}}],"name":"PCS_1"}}],"name":"F_2"}}


#! ThreadId 746 Output Plain: [([([([([("O"(ppoa)SP_2)]SAdv_6)][([("filho"(n)SS_6)][("obedece"(vti)[([("a"(prep)[([("o"(artd)PrA_1)]"pai"(n)SS_9)]SP_3)]SAdv_6)]SV_9)]Nuc_1)]"."(punct)OP_1)]PCS_1)]F_2)]


#! ThreadId 746 Output JSON: {"nterm":{"children":[{"nterm":{"children":[{"nterm":{"children":[{"nterm":{"children":[{"nterm":{"children":[{"term":{"content":"O","name":"ppoa"}}],"name":"SP_2"}}],"name":"SAdv_6"}},{"nterm":{"children":[{"nterm":{"children":[{"term":{"content":"filho","name":"n"}}],"name":"SS_6"}},{"nterm":{"children":[{"term":{"content":"obedece","name":"vti"}},{"nterm":{"children":[{"nterm":{"children":[{"term":{"content":"a","name":"prep"}},{"nterm":{"children":[{"nterm":{"children":[{"term":{"content":"o","name":"artd"}}],"name":"PrA_1"}},{"term":{"content":"pai","name":"n"}}],"name":"SS_9"}}],"name":"SP_3"}}],"name":"SAdv_6"}}],"name":"SV_9"}}],"name":"Nuc_1"}},{"term":{"content":".","name":"punct"}}],"name":"OP_1"}}],"name":"PCS_1"}}],"name":"F_2"}}


#! ThreadId 493 Output Latex: [\nt{F_2}[\nt{PCS_1}[\nt{OP_1}[\nt{SAdv_6}[\nt{SP_2}[\nt{ppoa}[\nt{``O"}]]]][\nt{Nuc_1}[\nt{SS_6}[\nt{n}[\nt{``filho"}]]][\nt{SV_10}[\nt{vti}[\nt{``obedece"}]][\nt{SP_3}[\nt{prep}[\nt{``a"}]][\nt{SS_9}[\nt{PrA_1}[\nt{artd}[\nt{``o"}]]][\nt{n}[\nt{``pai"}]]]]]][\nt{punct}[\nt{``."}]]]]]


#! ThreadId 746 Output Latex: [\nt{F_2}[\nt{PCS_1}[\nt{OP_1}[\nt{SAdv_6}[\nt{SP_2}[\nt{ppoa}[\nt{``O"}]]]][\nt{Nuc_1}[\nt{SS_6}[\nt{n}[\nt{``filho"}]]][\nt{SV_9}[\nt{vti}[\nt{``obedece"}]][\nt{SAdv_6}[\nt{SP_3}[\nt{prep}[\nt{``a"}]][\nt{SS_9}[\nt{PrA_1}[\nt{artd}[\nt{``o"}]]][\nt{n}[\nt{``pai"}]]]]]]][\nt{punct}[\nt{``."}]]]]]


#! ThreadId 1484 Output Plain: [([([([([("O"(artd)PrA_1)]"filho"(n)SS_9)][("obedece"(vti)[([("a"(prep)[([("o"(artd)PrA_1)]"pai"(n)SS_9)]SP_3)]SAdv_6)]SV_9)]"."(punct)OP_4)]PCS_1)]F_2)]


#! ThreadId 1484 Output JSON: {"nterm":{"children":[{"nterm":{"children":[{"nterm":{"children":[{"nterm":{"children":[{"nterm":{"children":[{"term":{"content":"O","name":"artd"}}],"name":"PrA_1"}},{"term":{"content":"filho","name":"n"}}],"name":"SS_9"}},{"nterm":{"children":[{"term":{"content":"obedece","name":"vti"}},{"nterm":{"children":[{"nterm":{"children":[{"term":{"content":"a","name":"prep"}},{"nterm":{"children":[{"nterm":{"children":[{"term":{"content":"o","name":"artd"}}],"name":"PrA_1"}},{"term":{"content":"pai","name":"n"}}],"name":"SS_9"}}],"name":"SP_3"}}],"name":"SAdv_6"}}],"name":"SV_9"}},{"term":{"content":".","name":"punct"}}],"name":"OP_4"}}],"name":"PCS_1"}}],"name":"F_2"}}


#! ThreadId 1484 Output Latex: [\nt{F_2}[\nt{PCS_1}[\nt{OP_4}[\nt{SS_9}[\nt{PrA_1}[\nt{artd}[\nt{``O"}]]][\nt{n}[\nt{``filho"}]]][\nt{SV_9}[\nt{vti}[\nt{``obedece"}]][\nt{SAdv_6}[\nt{SP_3}[\nt{prep}[\nt{``a"}]][\nt{SS_9}[\nt{PrA_1}[\nt{artd}[\nt{``o"}]]][\nt{n}[\nt{``pai"}]]]]]][\nt{punct}[\nt{``."}]]]]]


#! ThreadId 2242 Output Plain: [([([([([("O"(artd)PrA_1)]"filho"(n)SS_9)][("obedece"(vti)[("a"(prep)[([("o"(artd)PrA_1)]"pai"(n)SS_9)]SP_3)]SV_10)]"."(punct)OA_4)]PS_1)]F_3)]


#! ThreadId 2242 Output JSON: {"nterm":{"children":[{"nterm":{"children":[{"nterm":{"children":[{"nterm":{"children":[{"nterm":{"children":[{"term":{"content":"O","name":"artd"}}],"name":"PrA_1"}},{"term":{"content":"filho","name":"n"}}],"name":"SS_9"}},{"nterm":{"children":[{"term":{"content":"obedece","name":"vti"}},{"nterm":{"children":[{"term":{"content":"a","name":"prep"}},{"nterm":{"children":[{"nterm":{"children":[{"term":{"content":"o","name":"artd"}}],"name":"PrA_1"}},{"term":{"content":"pai","name":"n"}}],"name":"SS_9"}}],"name":"SP_3"}}],"name":"SV_10"}},{"term":{"content":".","name":"punct"}}],"name":"OA_4"}}],"name":"PS_1"}}],"name":"F_3"}}


#! ThreadId 2242 Output Latex: [\nt{F_3}[\nt{PS_1}[\nt{OA_4}[\nt{SS_9}[\nt{PrA_1}[\nt{artd}[\nt{``O"}]]][\nt{n}[\nt{``filho"}]]][\nt{SV_10}[\nt{vti}[\nt{``obedece"}]][\nt{SP_3}[\nt{prep}[\nt{``a"}]][\nt{SS_9}[\nt{PrA_1}[\nt{artd}[\nt{``o"}]]][\nt{n}[\nt{``pai"}]]]]][\nt{punct}[\nt{``."}]]]]]


#! ThreadId 967 Output Plain: [([([([([("O"(artd)PrA_1)]"filho"(n)SS_9)][("obedece"(vti)[("a"(prep)[([("o"(artd)PrA_1)]"pai"(n)SS_9)]SP_3)]SV_10)]"."(punct)OP_4)]PCS_1)]F_2)]


#! ThreadId 967 Output JSON: {"nterm":{"children":[{"nterm":{"children":[{"nterm":{"children":[{"nterm":{"children":[{"nterm":{"children":[{"term":{"content":"O","name":"artd"}}],"name":"PrA_1"}},{"term":{"content":"filho","name":"n"}}],"name":"SS_9"}},{"nterm":{"children":[{"term":{"content":"obedece","name":"vti"}},{"nterm":{"children":[{"term":{"content":"a","name":"prep"}},{"nterm":{"children":[{"nterm":{"children":[{"term":{"content":"o","name":"artd"}}],"name":"PrA_1"}},{"term":{"content":"pai","name":"n"}}],"name":"SS_9"}}],"name":"SP_3"}}],"name":"SV_10"}},{"term":{"content":".","name":"punct"}}],"name":"OP_4"}}],"name":"PCS_1"}}],"name":"F_2"}}


#! ThreadId 967 Output Latex: [\nt{F_2}[\nt{PCS_1}[\nt{OP_4}[\nt{SS_9}[\nt{PrA_1}[\nt{artd}[\nt{``O"}]]][\nt{n}[\nt{``filho"}]]][\nt{SV_10}[\nt{vti}[\nt{``obedece"}]][\nt{SP_3}[\nt{prep}[\nt{``a"}]][\nt{SS_9}[\nt{PrA_1}[\nt{artd}[\nt{``o"}]]][\nt{n}[\nt{``pai"}]]]]][\nt{punct}[\nt{``."}]]]]]


#! ThreadId 3927 Output Plain: [([([([([("O"(artd)PrA_1)]"filho"(n)SS_9)][("obedece"(vti)[([("a"(prep)[([("o"(artd)PrA_1)]"pai"(n)SS_9)]SP_3)]SAdv_6)]SV_9)]"."(punct)OA_4)]PS_1)]F_3)]


#! ThreadId 3927 Output JSON: {"nterm":{"children":[{"nterm":{"children":[{"nterm":{"children":[{"nterm":{"children":[{"nterm":{"children":[{"term":{"content":"O","name":"artd"}}],"name":"PrA_1"}},{"term":{"content":"filho","name":"n"}}],"name":"SS_9"}},{"nterm":{"children":[{"term":{"content":"obedece","name":"vti"}},{"nterm":{"children":[{"nterm":{"children":[{"term":{"content":"a","name":"prep"}},{"nterm":{"children":[{"nterm":{"children":[{"term":{"content":"o","name":"artd"}}],"name":"PrA_1"}},{"term":{"content":"pai","name":"n"}}],"name":"SS_9"}}],"name":"SP_3"}}],"name":"SAdv_6"}}],"name":"SV_9"}},{"term":{"content":".","name":"punct"}}],"name":"OA_4"}}],"name":"PS_1"}}],"name":"F_3"}}


#! ThreadId 3927 Output Latex: [\nt{F_3}[\nt{PS_1}[\nt{OA_4}[\nt{SS_9}[\nt{PrA_1}[\nt{artd}[\nt{``O"}]]][\nt{n}[\nt{``filho"}]]][\nt{SV_9}[\nt{vti}[\nt{``obedece"}]][\nt{SAdv_6}[\nt{SP_3}[\nt{prep}[\nt{``a"}]][\nt{SS_9}[\nt{PrA_1}[\nt{artd}[\nt{``o"}]]][\nt{n}[\nt{``pai"}]]]]]][\nt{punct}[\nt{``."}]]]]]

