##################################
#                                #
#           mw2spa NLP           #
#                                #
##################################

Processamento de entrada NLP: arquivo luft01-18.txt
Gramática NLP: arquivo wirth_mod_nlp_luft_all.txt
Dicionário NLP: arquivo /home/nkmiura/Documentos/TeseExperimentos/dict/LuftDict.yml
Done.

#! ThreadId 537 Output Plain: [([([([([("O"(artd)PrA_1)]"progresso"(n)SS_9)][("depende"(vti)[("de"(prep)[("esforço"(n)SS_6)]SP_3)]SV_10)]"."(punct)OP_4)]PCS_1)]F_2)]


#! ThreadId 537 Output JSON: {"nterm":{"children":[{"nterm":{"children":[{"nterm":{"children":[{"nterm":{"children":[{"nterm":{"children":[{"term":{"content":"O","name":"artd"}}],"name":"PrA_1"}},{"term":{"content":"progresso","name":"n"}}],"name":"SS_9"}},{"nterm":{"children":[{"term":{"content":"depende","name":"vti"}},{"nterm":{"children":[{"term":{"content":"de","name":"prep"}},{"nterm":{"children":[{"term":{"content":"esforço","name":"n"}}],"name":"SS_6"}}],"name":"SP_3"}}],"name":"SV_10"}},{"term":{"content":".","name":"punct"}}],"name":"OP_4"}}],"name":"PCS_1"}}],"name":"F_2"}}


#! ThreadId 537 Output Latex: [\nt{F_2}[\nt{PCS_1}[\nt{OP_4}[\nt{SS_9}[\nt{PrA_1}[\nt{artd}[\nt{``O"}]]][\nt{n}[\nt{``progresso"}]]][\nt{SV_10}[\nt{vti}[\nt{``depende"}]][\nt{SP_3}[\nt{prep}[\nt{``de"}]][\nt{SS_6}[\nt{n}[\nt{``esforço"}]]]]][\nt{punct}[\nt{``."}]]]]]


#! ThreadId 994 Output Plain: [([([([([("O"(artd)PrA_1)]"progresso"(n)SS_9)][("depende"(vti)[([("de"(prep)[("esforço"(n)SS_6)]SP_3)]SAdv_6)]SV_9)]"."(punct)OP_4)]PCS_1)]F_2)]


#! ThreadId 725 Output Plain: [([([([([("O"(ppoa)SP_2)]SAdv_6)][([("progresso"(n)SS_6)][("depende"(vti)[("de"(prep)[("esforço"(n)SS_6)]SP_3)]SV_10)]Nuc_1)]"."(punct)OP_1)]PCS_1)]F_2)]


#! ThreadId 994 Output JSON: {"nterm":{"children":[{"nterm":{"children":[{"nterm":{"children":[{"nterm":{"children":[{"nterm":{"children":[{"term":{"content":"O","name":"artd"}}],"name":"PrA_1"}},{"term":{"content":"progresso","name":"n"}}],"name":"SS_9"}},{"nterm":{"children":[{"term":{"content":"depende","name":"vti"}},{"nterm":{"children":[{"nterm":{"children":[{"term":{"content":"de","name":"prep"}},{"nterm":{"children":[{"term":{"content":"esforço","name":"n"}}],"name":"SS_6"}}],"name":"SP_3"}}],"name":"SAdv_6"}}],"name":"SV_9"}},{"term":{"content":".","name":"punct"}}],"name":"OP_4"}}],"name":"PCS_1"}}],"name":"F_2"}}


#! ThreadId 725 Output JSON: {"nterm":{"children":[{"nterm":{"children":[{"nterm":{"children":[{"nterm":{"children":[{"nterm":{"children":[{"term":{"content":"O","name":"ppoa"}}],"name":"SP_2"}}],"name":"SAdv_6"}},{"nterm":{"children":[{"nterm":{"children":[{"term":{"content":"progresso","name":"n"}}],"name":"SS_6"}},{"nterm":{"children":[{"term":{"content":"depende","name":"vti"}},{"nterm":{"children":[{"term":{"content":"de","name":"prep"}},{"nterm":{"children":[{"term":{"content":"esforço","name":"n"}}],"name":"SS_6"}}],"name":"SP_3"}}],"name":"SV_10"}}],"name":"Nuc_1"}},{"term":{"content":".","name":"punct"}}],"name":"OP_1"}}],"name":"PCS_1"}}],"name":"F_2"}}


#! ThreadId 994 Output Latex: [\nt{F_2}[\nt{PCS_1}[\nt{OP_4}[\nt{SS_9}[\nt{PrA_1}[\nt{artd}[\nt{``O"}]]][\nt{n}[\nt{``progresso"}]]][\nt{SV_9}[\nt{vti}[\nt{``depende"}]][\nt{SAdv_6}[\nt{SP_3}[\nt{prep}[\nt{``de"}]][\nt{SS_6}[\nt{n}[\nt{``esforço"}]]]]]][\nt{punct}[\nt{``."}]]]]]


#! ThreadId 725 Output Latex: [\nt{F_2}[\nt{PCS_1}[\nt{OP_1}[\nt{SAdv_6}[\nt{SP_2}[\nt{ppoa}[\nt{``O"}]]]][\nt{Nuc_1}[\nt{SS_6}[\nt{n}[\nt{``progresso"}]]][\nt{SV_10}[\nt{vti}[\nt{``depende"}]][\nt{SP_3}[\nt{prep}[\nt{``de"}]][\nt{SS_6}[\nt{n}[\nt{``esforço"}]]]]]][\nt{punct}[\nt{``."}]]]]]


#! ThreadId 1301 Output Plain: [([([([([("O"(ppoa)SP_2)]SAdv_6)][([("progresso"(n)SS_6)][("depende"(vti)[([("de"(prep)[("esforço"(n)SS_6)]SP_3)]SAdv_6)]SV_9)]Nuc_1)]"."(punct)OP_1)]PCS_1)]F_2)]


#! ThreadId 1301 Output JSON: {"nterm":{"children":[{"nterm":{"children":[{"nterm":{"children":[{"nterm":{"children":[{"nterm":{"children":[{"term":{"content":"O","name":"ppoa"}}],"name":"SP_2"}}],"name":"SAdv_6"}},{"nterm":{"children":[{"nterm":{"children":[{"term":{"content":"progresso","name":"n"}}],"name":"SS_6"}},{"nterm":{"children":[{"term":{"content":"depende","name":"vti"}},{"nterm":{"children":[{"nterm":{"children":[{"term":{"content":"de","name":"prep"}},{"nterm":{"children":[{"term":{"content":"esforço","name":"n"}}],"name":"SS_6"}}],"name":"SP_3"}}],"name":"SAdv_6"}}],"name":"SV_9"}}],"name":"Nuc_1"}},{"term":{"content":".","name":"punct"}}],"name":"OP_1"}}],"name":"PCS_1"}}],"name":"F_2"}}


#! ThreadId 1301 Output Latex: [\nt{F_2}[\nt{PCS_1}[\nt{OP_1}[\nt{SAdv_6}[\nt{SP_2}[\nt{ppoa}[\nt{``O"}]]]][\nt{Nuc_1}[\nt{SS_6}[\nt{n}[\nt{``progresso"}]]][\nt{SV_9}[\nt{vti}[\nt{``depende"}]][\nt{SAdv_6}[\nt{SP_3}[\nt{prep}[\nt{``de"}]][\nt{SS_6}[\nt{n}[\nt{``esforço"}]]]]]]][\nt{punct}[\nt{``."}]]]]]


#! ThreadId 1340 Output Plain: [([([([([("O"(artd)PrA_1)]"progresso"(n)SS_9)][("depende"(vti)[("de"(prep)[("esforço"(n)SS_6)]SP_3)]SV_10)]"."(punct)OA_4)]PS_1)]F_3)]


#! ThreadId 1340 Output JSON: {"nterm":{"children":[{"nterm":{"children":[{"nterm":{"children":[{"nterm":{"children":[{"nterm":{"children":[{"term":{"content":"O","name":"artd"}}],"name":"PrA_1"}},{"term":{"content":"progresso","name":"n"}}],"name":"SS_9"}},{"nterm":{"children":[{"term":{"content":"depende","name":"vti"}},{"nterm":{"children":[{"term":{"content":"de","name":"prep"}},{"nterm":{"children":[{"term":{"content":"esforço","name":"n"}}],"name":"SS_6"}}],"name":"SP_3"}}],"name":"SV_10"}},{"term":{"content":".","name":"punct"}}],"name":"OA_4"}}],"name":"PS_1"}}],"name":"F_3"}}


#! ThreadId 1340 Output Latex: [\nt{F_3}[\nt{PS_1}[\nt{OA_4}[\nt{SS_9}[\nt{PrA_1}[\nt{artd}[\nt{``O"}]]][\nt{n}[\nt{``progresso"}]]][\nt{SV_10}[\nt{vti}[\nt{``depende"}]][\nt{SP_3}[\nt{prep}[\nt{``de"}]][\nt{SS_6}[\nt{n}[\nt{``esforço"}]]]]][\nt{punct}[\nt{``."}]]]]]


#! ThreadId 2312 Output Plain: [([([([([("O"(artd)PrA_1)]"progresso"(n)SS_9)][("depende"(vti)[([("de"(prep)[("esforço"(n)SS_6)]SP_3)]SAdv_6)]SV_9)]"."(punct)OA_4)]PS_1)]F_3)]


#! ThreadId 2312 Output JSON: {"nterm":{"children":[{"nterm":{"children":[{"nterm":{"children":[{"nterm":{"children":[{"nterm":{"children":[{"term":{"content":"O","name":"artd"}}],"name":"PrA_1"}},{"term":{"content":"progresso","name":"n"}}],"name":"SS_9"}},{"nterm":{"children":[{"term":{"content":"depende","name":"vti"}},{"nterm":{"children":[{"nterm":{"children":[{"term":{"content":"de","name":"prep"}},{"nterm":{"children":[{"term":{"content":"esforço","name":"n"}}],"name":"SS_6"}}],"name":"SP_3"}}],"name":"SAdv_6"}}],"name":"SV_9"}},{"term":{"content":".","name":"punct"}}],"name":"OA_4"}}],"name":"PS_1"}}],"name":"F_3"}}


#! ThreadId 2312 Output Latex: [\nt{F_3}[\nt{PS_1}[\nt{OA_4}[\nt{SS_9}[\nt{PrA_1}[\nt{artd}[\nt{``O"}]]][\nt{n}[\nt{``progresso"}]]][\nt{SV_9}[\nt{vti}[\nt{``depende"}]][\nt{SAdv_6}[\nt{SP_3}[\nt{prep}[\nt{``de"}]][\nt{SS_6}[\nt{n}[\nt{``esforço"}]]]]]][\nt{punct}[\nt{``."}]]]]]

