##################################
#                                #
#           mw2spa NLP           #
#                                #
##################################

Processamento de entrada NLP: arquivo luft01-30.txt
Gramática NLP: arquivo wirth_mod_nlp_luft_all.txt
Dicionário NLP: arquivo /home/nkmiura/Documentos/TeseExperimentos/dict/LuftDict.yml
Done.

#! ThreadId 58 Output Plain: [([([([([("Os"(ppoa)SP_2)]SAdv_6)][([("pássaros"(n)SS_6)][("voam"(vint)SV_3)]Nuc_1)]"."(punct)OP_1)]PCS_1)]F_2)]


#! ThreadId 58 Output JSON: {"nterm":{"children":[{"nterm":{"children":[{"nterm":{"children":[{"nterm":{"children":[{"nterm":{"children":[{"term":{"content":"Os","name":"ppoa"}}],"name":"SP_2"}}],"name":"SAdv_6"}},{"nterm":{"children":[{"nterm":{"children":[{"term":{"content":"pássaros","name":"n"}}],"name":"SS_6"}},{"nterm":{"children":[{"term":{"content":"voam","name":"vint"}}],"name":"SV_3"}}],"name":"Nuc_1"}},{"term":{"content":".","name":"punct"}}],"name":"OP_1"}}],"name":"PCS_1"}}],"name":"F_2"}}


#! ThreadId 58 Output Latex: [\nt{F_2}[\nt{PCS_1}[\nt{OP_1}[\nt{SAdv_6}[\nt{SP_2}[\nt{ppoa}[\nt{``Os"}]]]][\nt{Nuc_1}[\nt{SS_6}[\nt{n}[\nt{``pássaros"}]]][\nt{SV_3}[\nt{vint}[\nt{``voam"}]]]][\nt{punct}[\nt{``."}]]]]]


#! ThreadId 655 Output Plain: [([([([([("Os"(artd)PrA_1)]"pássaros"(n)[("voam"(vint)OSAR_1)]SS_10)][((ε)SN_7)]"."(punct)OA_3)]PS_1)]F_3)]


#! ThreadId 655 Output JSON: {"nterm":{"children":[{"nterm":{"children":[{"nterm":{"children":[{"nterm":{"children":[{"nterm":{"children":[{"term":{"content":"Os","name":"artd"}}],"name":"PrA_1"}},{"term":{"content":"pássaros","name":"n"}},{"nterm":{"children":[{"term":{"content":"voam","name":"vint"}}],"name":"OSAR_1"}}],"name":"SS_10"}},{"nterm":{"children":[{"empty":""}],"name":"SN_7"}},{"term":{"content":".","name":"punct"}}],"name":"OA_3"}}],"name":"PS_1"}}],"name":"F_3"}}


#! ThreadId 655 Output Latex: [\nt{F_3}[\nt{PS_1}[\nt{OA_3}[\nt{SS_10}[\nt{PrA_1}[\nt{artd}[\nt{``Os"}]]][\nt{n}[\nt{``pássaros"}]][\nt{OSAR_1}[\nt{vint}[\nt{``voam"}]]]][\nt{SN_7}[\nt{\epsilon}]][\nt{punct}[\nt{``."}]]]]]


#! ThreadId 80 Output Plain: [([([([([("Os"(artd)PrA_1)]"pássaros"(n)SS_9)][("voam"(vint)SV_3)]"."(punct)OP_4)]PCS_1)]F_2)]


#! ThreadId 785 Output Plain: [([([([([("Os"(artd)PrA_1)]"pássaros"(n)[("voam"(vint)OSAR_1)]SS_10)][((ε)SN_7)]"."(punct)OP_3)]PCS_1)]F_2)]


#! ThreadId 80 Output JSON: {"nterm":{"children":[{"nterm":{"children":[{"nterm":{"children":[{"nterm":{"children":[{"nterm":{"children":[{"term":{"content":"Os","name":"artd"}}],"name":"PrA_1"}},{"term":{"content":"pássaros","name":"n"}}],"name":"SS_9"}},{"nterm":{"children":[{"term":{"content":"voam","name":"vint"}}],"name":"SV_3"}},{"term":{"content":".","name":"punct"}}],"name":"OP_4"}}],"name":"PCS_1"}}],"name":"F_2"}}


#! ThreadId 785 Output JSON: {"nterm":{"children":[{"nterm":{"children":[{"nterm":{"children":[{"nterm":{"children":[{"nterm":{"children":[{"term":{"content":"Os","name":"artd"}}],"name":"PrA_1"}},{"term":{"content":"pássaros","name":"n"}},{"nterm":{"children":[{"term":{"content":"voam","name":"vint"}}],"name":"OSAR_1"}}],"name":"SS_10"}},{"nterm":{"children":[{"empty":""}],"name":"SN_7"}},{"term":{"content":".","name":"punct"}}],"name":"OP_3"}}],"name":"PCS_1"}}],"name":"F_2"}}


#! ThreadId 80 Output Latex: [\nt{F_2}[\nt{PCS_1}[\nt{OP_4}[\nt{SS_9}[\nt{PrA_1}[\nt{artd}[\nt{``Os"}]]][\nt{n}[\nt{``pássaros"}]]][\nt{SV_3}[\nt{vint}[\nt{``voam"}]]][\nt{punct}[\nt{``."}]]]]]


#! ThreadId 785 Output Latex: [\nt{F_2}[\nt{PCS_1}[\nt{OP_3}[\nt{SS_10}[\nt{PrA_1}[\nt{artd}[\nt{``Os"}]]][\nt{n}[\nt{``pássaros"}]][\nt{OSAR_1}[\nt{vint}[\nt{``voam"}]]]][\nt{SN_7}[\nt{\epsilon}]][\nt{punct}[\nt{``."}]]]]]


#! ThreadId 754 Output Plain: [([([([([("Os"(artd)PrA_1)]"pássaros"(n)SS_9)][("voam"(vint)SV_3)]"."(punct)OA_4)]PS_1)]F_3)]


#! ThreadId 754 Output JSON: {"nterm":{"children":[{"nterm":{"children":[{"nterm":{"children":[{"nterm":{"children":[{"nterm":{"children":[{"term":{"content":"Os","name":"artd"}}],"name":"PrA_1"}},{"term":{"content":"pássaros","name":"n"}}],"name":"SS_9"}},{"nterm":{"children":[{"term":{"content":"voam","name":"vint"}}],"name":"SV_3"}},{"term":{"content":".","name":"punct"}}],"name":"OA_4"}}],"name":"PS_1"}}],"name":"F_3"}}


#! ThreadId 754 Output Latex: [\nt{F_3}[\nt{PS_1}[\nt{OA_4}[\nt{SS_9}[\nt{PrA_1}[\nt{artd}[\nt{``Os"}]]][\nt{n}[\nt{``pássaros"}]]][\nt{SV_3}[\nt{vint}[\nt{``voam"}]]][\nt{punct}[\nt{``."}]]]]]

