##################################
#                                #
#           mw2spa NLP           #
#                                #
##################################

Processamento de entrada NLP: arquivo luft01-24.txt
Gramática NLP: arquivo wirth_mod_nlp_luft_all.txt
Dicionário NLP: arquivo /home/nkmiura/Documentos/TeseExperimentos/dict/LuftDict.yml
Done.

#! ThreadId 460 Output Plain: [([([([("Leo"(np)SS_7)][("recebeu"(vtdi)[([("um"(arti)PrA_2)]"presente"(n)SS_9)][([("de"(prep)[([("seu"(pps)PrA_6)]"pai"(n)SS_9)]SP_3)]SAdv_6)]SV_6)]"."(punct)OP_4)]PCS_1)]F_2)]


#! ThreadId 460 Output JSON: {"nterm":{"children":[{"nterm":{"children":[{"nterm":{"children":[{"nterm":{"children":[{"term":{"content":"Leo","name":"np"}}],"name":"SS_7"}},{"nterm":{"children":[{"term":{"content":"recebeu","name":"vtdi"}},{"nterm":{"children":[{"nterm":{"children":[{"term":{"content":"um","name":"arti"}}],"name":"PrA_2"}},{"term":{"content":"presente","name":"n"}}],"name":"SS_9"}},{"nterm":{"children":[{"nterm":{"children":[{"term":{"content":"de","name":"prep"}},{"nterm":{"children":[{"nterm":{"children":[{"term":{"content":"seu","name":"pps"}}],"name":"PrA_6"}},{"term":{"content":"pai","name":"n"}}],"name":"SS_9"}}],"name":"SP_3"}}],"name":"SAdv_6"}}],"name":"SV_6"}},{"term":{"content":".","name":"punct"}}],"name":"OP_4"}}],"name":"PCS_1"}}],"name":"F_2"}}


#! ThreadId 578 Output Plain: [([([([("Leo"(np)SS_7)][("recebeu"(vtdi)[([("um"(arti)PrA_2)]"presente"(n)SS_9)][("de"(prep)[([("seu"(pps)PrA_6)]"pai"(n)SS_9)]SP_3)]SV_7)]"."(punct)OP_4)]PCS_1)]F_2)]


#! ThreadId 578 Output JSON: {"nterm":{"children":[{"nterm":{"children":[{"nterm":{"children":[{"nterm":{"children":[{"term":{"content":"Leo","name":"np"}}],"name":"SS_7"}},{"nterm":{"children":[{"term":{"content":"recebeu","name":"vtdi"}},{"nterm":{"children":[{"nterm":{"children":[{"term":{"content":"um","name":"arti"}}],"name":"PrA_2"}},{"term":{"content":"presente","name":"n"}}],"name":"SS_9"}},{"nterm":{"children":[{"term":{"content":"de","name":"prep"}},{"nterm":{"children":[{"nterm":{"children":[{"term":{"content":"seu","name":"pps"}}],"name":"PrA_6"}},{"term":{"content":"pai","name":"n"}}],"name":"SS_9"}}],"name":"SP_3"}}],"name":"SV_7"}},{"term":{"content":".","name":"punct"}}],"name":"OP_4"}}],"name":"PCS_1"}}],"name":"F_2"}}


#! ThreadId 460 Output Latex: [\nt{F_2}[\nt{PCS_1}[\nt{OP_4}[\nt{SS_7}[\nt{np}[\nt{``Leo"}]]][\nt{SV_6}[\nt{vtdi}[\nt{``recebeu"}]][\nt{SS_9}[\nt{PrA_2}[\nt{arti}[\nt{``um"}]]][\nt{n}[\nt{``presente"}]]][\nt{SAdv_6}[\nt{SP_3}[\nt{prep}[\nt{``de"}]][\nt{SS_9}[\nt{PrA_6}[\nt{pps}[\nt{``seu"}]]][\nt{n}[\nt{``pai"}]]]]]][\nt{punct}[\nt{``."}]]]]]


#! ThreadId 578 Output Latex: [\nt{F_2}[\nt{PCS_1}[\nt{OP_4}[\nt{SS_7}[\nt{np}[\nt{``Leo"}]]][\nt{SV_7}[\nt{vtdi}[\nt{``recebeu"}]][\nt{SS_9}[\nt{PrA_2}[\nt{arti}[\nt{``um"}]]][\nt{n}[\nt{``presente"}]]][\nt{SP_3}[\nt{prep}[\nt{``de"}]][\nt{SS_9}[\nt{PrA_6}[\nt{pps}[\nt{``seu"}]]][\nt{n}[\nt{``pai"}]]]]][\nt{punct}[\nt{``."}]]]]]


#! ThreadId 2614 Output Plain: [([([([("Leo"(np)SS_7)][("recebeu"(vtdi)[([("um"(arti)PrA_2)]"presente"(n)SS_9)][("de"(prep)[([("seu"(pps)PrA_6)]"pai"(n)SS_9)]SP_3)]SV_7)]"."(punct)OA_4)]PS_1)]F_3)]


#! ThreadId 2614 Output JSON: {"nterm":{"children":[{"nterm":{"children":[{"nterm":{"children":[{"nterm":{"children":[{"term":{"content":"Leo","name":"np"}}],"name":"SS_7"}},{"nterm":{"children":[{"term":{"content":"recebeu","name":"vtdi"}},{"nterm":{"children":[{"nterm":{"children":[{"term":{"content":"um","name":"arti"}}],"name":"PrA_2"}},{"term":{"content":"presente","name":"n"}}],"name":"SS_9"}},{"nterm":{"children":[{"term":{"content":"de","name":"prep"}},{"nterm":{"children":[{"nterm":{"children":[{"term":{"content":"seu","name":"pps"}}],"name":"PrA_6"}},{"term":{"content":"pai","name":"n"}}],"name":"SS_9"}}],"name":"SP_3"}}],"name":"SV_7"}},{"term":{"content":".","name":"punct"}}],"name":"OA_4"}}],"name":"PS_1"}}],"name":"F_3"}}


#! ThreadId 2614 Output Latex: [\nt{F_3}[\nt{PS_1}[\nt{OA_4}[\nt{SS_7}[\nt{np}[\nt{``Leo"}]]][\nt{SV_7}[\nt{vtdi}[\nt{``recebeu"}]][\nt{SS_9}[\nt{PrA_2}[\nt{arti}[\nt{``um"}]]][\nt{n}[\nt{``presente"}]]][\nt{SP_3}[\nt{prep}[\nt{``de"}]][\nt{SS_9}[\nt{PrA_6}[\nt{pps}[\nt{``seu"}]]][\nt{n}[\nt{``pai"}]]]]][\nt{punct}[\nt{``."}]]]]]


#! ThreadId 5306 Output Plain: [([([([("Leo"(np)SS_7)][("recebeu"(vtdi)[([("um"(arti)PrA_2)]"presente"(n)SS_9)][([("de"(prep)[([("seu"(pps)PrA_6)]"pai"(n)SS_9)]SP_3)]SAdv_6)]SV_6)]"."(punct)OA_4)]PS_1)]F_3)]


#! ThreadId 5306 Output JSON: {"nterm":{"children":[{"nterm":{"children":[{"nterm":{"children":[{"nterm":{"children":[{"term":{"content":"Leo","name":"np"}}],"name":"SS_7"}},{"nterm":{"children":[{"term":{"content":"recebeu","name":"vtdi"}},{"nterm":{"children":[{"nterm":{"children":[{"term":{"content":"um","name":"arti"}}],"name":"PrA_2"}},{"term":{"content":"presente","name":"n"}}],"name":"SS_9"}},{"nterm":{"children":[{"nterm":{"children":[{"term":{"content":"de","name":"prep"}},{"nterm":{"children":[{"nterm":{"children":[{"term":{"content":"seu","name":"pps"}}],"name":"PrA_6"}},{"term":{"content":"pai","name":"n"}}],"name":"SS_9"}}],"name":"SP_3"}}],"name":"SAdv_6"}}],"name":"SV_6"}},{"term":{"content":".","name":"punct"}}],"name":"OA_4"}}],"name":"PS_1"}}],"name":"F_3"}}


#! ThreadId 5306 Output Latex: [\nt{F_3}[\nt{PS_1}[\nt{OA_4}[\nt{SS_7}[\nt{np}[\nt{``Leo"}]]][\nt{SV_6}[\nt{vtdi}[\nt{``recebeu"}]][\nt{SS_9}[\nt{PrA_2}[\nt{arti}[\nt{``um"}]]][\nt{n}[\nt{``presente"}]]][\nt{SAdv_6}[\nt{SP_3}[\nt{prep}[\nt{``de"}]][\nt{SS_9}[\nt{PrA_6}[\nt{pps}[\nt{``seu"}]]][\nt{n}[\nt{``pai"}]]]]]][\nt{punct}[\nt{``."}]]]]]

