##################################
#                                #
#           mw2spa NLP           #
#                                #
##################################

Processamento de entrada NLP: arquivo luft01-50.txt
Gramática NLP: arquivo wirth_mod_nlp_luft_all.txt
Dicionário NLP: arquivo /home/nkmiura/Documentos/TeseExperimentos/dict/LuftDict.yml
Done.

#! ThreadId 297 Output Plain: [([([([("Era"(vlig)[([("de"(prep)[("noite"(n)SS_6)]SP_3)]SAdv_6)]SN_4)]"."(punct)OA_2)]PS_1)]F_3)]


#! ThreadId 297 Output JSON: {"nterm":{"children":[{"nterm":{"children":[{"nterm":{"children":[{"nterm":{"children":[{"term":{"content":"Era","name":"vlig"}},{"nterm":{"children":[{"nterm":{"children":[{"term":{"content":"de","name":"prep"}},{"nterm":{"children":[{"term":{"content":"noite","name":"n"}}],"name":"SS_6"}}],"name":"SP_3"}}],"name":"SAdv_6"}}],"name":"SN_4"}},{"term":{"content":".","name":"punct"}}],"name":"OA_2"}}],"name":"PS_1"}}],"name":"F_3"}}


#! ThreadId 279 Output Plain: [([([([("Era"(vlig)[("de"(prep)[("noite"(n)SS_6)]SP_3)]SN_5)]"."(punct)OP_2)]PCS_1)]F_2)]


#! ThreadId 279 Output JSON: {"nterm":{"children":[{"nterm":{"children":[{"nterm":{"children":[{"nterm":{"children":[{"term":{"content":"Era","name":"vlig"}},{"nterm":{"children":[{"term":{"content":"de","name":"prep"}},{"nterm":{"children":[{"term":{"content":"noite","name":"n"}}],"name":"SS_6"}}],"name":"SP_3"}}],"name":"SN_5"}},{"term":{"content":".","name":"punct"}}],"name":"OP_2"}}],"name":"PCS_1"}}],"name":"F_2"}}


#! ThreadId 297 Output Latex: [\nt{F_3}[\nt{PS_1}[\nt{OA_2}[\nt{SN_4}[\nt{vlig}[\nt{``Era"}]][\nt{SAdv_6}[\nt{SP_3}[\nt{prep}[\nt{``de"}]][\nt{SS_6}[\nt{n}[\nt{``noite"}]]]]]][\nt{punct}[\nt{``."}]]]]]


#! ThreadId 279 Output Latex: [\nt{F_2}[\nt{PCS_1}[\nt{OP_2}[\nt{SN_5}[\nt{vlig}[\nt{``Era"}]][\nt{SP_3}[\nt{prep}[\nt{``de"}]][\nt{SS_6}[\nt{n}[\nt{``noite"}]]]]][\nt{punct}[\nt{``."}]]]]]


#! ThreadId 319 Output Plain: [([([([("Era"(vlig)[([("de"(prep)[("noite"(n)SS_6)]SP_3)]SAdv_6)]SN_4)]"."(punct)OP_2)]PCS_1)]F_2)]


#! ThreadId 319 Output JSON: {"nterm":{"children":[{"nterm":{"children":[{"nterm":{"children":[{"nterm":{"children":[{"term":{"content":"Era","name":"vlig"}},{"nterm":{"children":[{"nterm":{"children":[{"term":{"content":"de","name":"prep"}},{"nterm":{"children":[{"term":{"content":"noite","name":"n"}}],"name":"SS_6"}}],"name":"SP_3"}}],"name":"SAdv_6"}}],"name":"SN_4"}},{"term":{"content":".","name":"punct"}}],"name":"OP_2"}}],"name":"PCS_1"}}],"name":"F_2"}}


#! ThreadId 319 Output Latex: [\nt{F_2}[\nt{PCS_1}[\nt{OP_2}[\nt{SN_4}[\nt{vlig}[\nt{``Era"}]][\nt{SAdv_6}[\nt{SP_3}[\nt{prep}[\nt{``de"}]][\nt{SS_6}[\nt{n}[\nt{``noite"}]]]]]][\nt{punct}[\nt{``."}]]]]]


#! ThreadId 409 Output Plain: [([([([("Era"(vlig)[("de"(prep)[("noite"(n)SS_6)]SP_3)]SN_5)]"."(punct)OA_2)]PS_1)]F_3)]


#! ThreadId 409 Output JSON: {"nterm":{"children":[{"nterm":{"children":[{"nterm":{"children":[{"nterm":{"children":[{"term":{"content":"Era","name":"vlig"}},{"nterm":{"children":[{"term":{"content":"de","name":"prep"}},{"nterm":{"children":[{"term":{"content":"noite","name":"n"}}],"name":"SS_6"}}],"name":"SP_3"}}],"name":"SN_5"}},{"term":{"content":".","name":"punct"}}],"name":"OA_2"}}],"name":"PS_1"}}],"name":"F_3"}}


#! ThreadId 409 Output Latex: [\nt{F_3}[\nt{PS_1}[\nt{OA_2}[\nt{SN_5}[\nt{vlig}[\nt{``Era"}]][\nt{SP_3}[\nt{prep}[\nt{``de"}]][\nt{SS_6}[\nt{n}[\nt{``noite"}]]]]][\nt{punct}[\nt{``."}]]]]]

