##################################
#                                #
#           mw2spa NLP           #
#                                #
##################################

Processamento de entrada NLP: arquivo luft01-19.txt
Gramática NLP: arquivo wirth_mod_nlp_luft_all.txt
Dicionário NLP: arquivo /home/nkmiura/Documentos/TeseExperimentos/dict/LuftDict.yml
Done.

#! ThreadId 221 Output Plain: [([([([("Régis"(np)SS_7)][("mora"(vti)[("em+"(prep)[([("o"(artd)PrA_1)]"campo"(n)SS_9)]SP_3)]SV_10)]"."(punct)OP_4)]PCS_1)]F_2)]


#! ThreadId 221 Output JSON: {"nterm":{"children":[{"nterm":{"children":[{"nterm":{"children":[{"nterm":{"children":[{"term":{"content":"Régis","name":"np"}}],"name":"SS_7"}},{"nterm":{"children":[{"term":{"content":"mora","name":"vti"}},{"nterm":{"children":[{"term":{"content":"em+","name":"prep"}},{"nterm":{"children":[{"nterm":{"children":[{"term":{"content":"o","name":"artd"}}],"name":"PrA_1"}},{"term":{"content":"campo","name":"n"}}],"name":"SS_9"}}],"name":"SP_3"}}],"name":"SV_10"}},{"term":{"content":".","name":"punct"}}],"name":"OP_4"}}],"name":"PCS_1"}}],"name":"F_2"}}


#! ThreadId 221 Output Latex: [\nt{F_2}[\nt{PCS_1}[\nt{OP_4}[\nt{SS_7}[\nt{np}[\nt{``Régis"}]]][\nt{SV_10}[\nt{vti}[\nt{``mora"}]][\nt{SP_3}[\nt{prep}[\nt{``em+"}]][\nt{SS_9}[\nt{PrA_1}[\nt{artd}[\nt{``o"}]]][\nt{n}[\nt{``campo"}]]]]][\nt{punct}[\nt{``."}]]]]]


#! ThreadId 582 Output Plain: [([([([("Régis"(np)SS_7)][("mora"(vti)[("em+"(prep)[([("o"(artd)PrA_1)]"campo"(n)SS_9)]SP_3)]SV_10)]"."(punct)OA_4)]PS_1)]F_3)]


#! ThreadId 582 Output JSON: {"nterm":{"children":[{"nterm":{"children":[{"nterm":{"children":[{"nterm":{"children":[{"term":{"content":"Régis","name":"np"}}],"name":"SS_7"}},{"nterm":{"children":[{"term":{"content":"mora","name":"vti"}},{"nterm":{"children":[{"term":{"content":"em+","name":"prep"}},{"nterm":{"children":[{"nterm":{"children":[{"term":{"content":"o","name":"artd"}}],"name":"PrA_1"}},{"term":{"content":"campo","name":"n"}}],"name":"SS_9"}}],"name":"SP_3"}}],"name":"SV_10"}},{"term":{"content":".","name":"punct"}}],"name":"OA_4"}}],"name":"PS_1"}}],"name":"F_3"}}


#! ThreadId 582 Output Latex: [\nt{F_3}[\nt{PS_1}[\nt{OA_4}[\nt{SS_7}[\nt{np}[\nt{``Régis"}]]][\nt{SV_10}[\nt{vti}[\nt{``mora"}]][\nt{SP_3}[\nt{prep}[\nt{``em+"}]][\nt{SS_9}[\nt{PrA_1}[\nt{artd}[\nt{``o"}]]][\nt{n}[\nt{``campo"}]]]]][\nt{punct}[\nt{``."}]]]]]


#! ThreadId 491 Output Plain: [([([([("Régis"(np)SS_7)][("mora"(vti)[([("em+"(prep)[([("o"(artd)PrA_1)]"campo"(n)SS_9)]SP_3)]SAdv_6)]SV_9)]"."(punct)OP_4)]PCS_1)]F_2)]


#! ThreadId 491 Output JSON: {"nterm":{"children":[{"nterm":{"children":[{"nterm":{"children":[{"nterm":{"children":[{"term":{"content":"Régis","name":"np"}}],"name":"SS_7"}},{"nterm":{"children":[{"term":{"content":"mora","name":"vti"}},{"nterm":{"children":[{"nterm":{"children":[{"term":{"content":"em+","name":"prep"}},{"nterm":{"children":[{"nterm":{"children":[{"term":{"content":"o","name":"artd"}}],"name":"PrA_1"}},{"term":{"content":"campo","name":"n"}}],"name":"SS_9"}}],"name":"SP_3"}}],"name":"SAdv_6"}}],"name":"SV_9"}},{"term":{"content":".","name":"punct"}}],"name":"OP_4"}}],"name":"PCS_1"}}],"name":"F_2"}}


#! ThreadId 491 Output Latex: [\nt{F_2}[\nt{PCS_1}[\nt{OP_4}[\nt{SS_7}[\nt{np}[\nt{``Régis"}]]][\nt{SV_9}[\nt{vti}[\nt{``mora"}]][\nt{SAdv_6}[\nt{SP_3}[\nt{prep}[\nt{``em+"}]][\nt{SS_9}[\nt{PrA_1}[\nt{artd}[\nt{``o"}]]][\nt{n}[\nt{``campo"}]]]]]][\nt{punct}[\nt{``."}]]]]]


#! ThreadId 959 Output Plain: [([([([("Régis"(np)SS_7)][("mora"(vti)[([("em+"(prep)[([("o"(artd)PrA_1)]"campo"(n)SS_9)]SP_3)]SAdv_6)]SV_9)]"."(punct)OA_4)]PS_1)]F_3)]


#! ThreadId 959 Output JSON: {"nterm":{"children":[{"nterm":{"children":[{"nterm":{"children":[{"nterm":{"children":[{"term":{"content":"Régis","name":"np"}}],"name":"SS_7"}},{"nterm":{"children":[{"term":{"content":"mora","name":"vti"}},{"nterm":{"children":[{"nterm":{"children":[{"term":{"content":"em+","name":"prep"}},{"nterm":{"children":[{"nterm":{"children":[{"term":{"content":"o","name":"artd"}}],"name":"PrA_1"}},{"term":{"content":"campo","name":"n"}}],"name":"SS_9"}}],"name":"SP_3"}}],"name":"SAdv_6"}}],"name":"SV_9"}},{"term":{"content":".","name":"punct"}}],"name":"OA_4"}}],"name":"PS_1"}}],"name":"F_3"}}


#! ThreadId 959 Output Latex: [\nt{F_3}[\nt{PS_1}[\nt{OA_4}[\nt{SS_7}[\nt{np}[\nt{``Régis"}]]][\nt{SV_9}[\nt{vti}[\nt{``mora"}]][\nt{SAdv_6}[\nt{SP_3}[\nt{prep}[\nt{``em+"}]][\nt{SS_9}[\nt{PrA_1}[\nt{artd}[\nt{``o"}]]][\nt{n}[\nt{``campo"}]]]]]][\nt{punct}[\nt{``."}]]]]]

