##################################
#                                #
#           mw2spa NLP           #
#                                #
##################################

Processamento de entrada NLP: arquivo luft01-14.txt
Gramática NLP: arquivo wirth_mod_nlp_luft_all.txt
Dicionário NLP: arquivo /home/nkmiura/Documentos/TeseExperimentos/dict/LuftDict.yml
Done.

#! ThreadId 753 Output Plain: [([([([([([([("A"(prep)[("reunião"(n)SS_6)]SP_3)]SAdv_6)][("durou"(vtd)[("cinquenta"(nc)"minutos"(n)SS_1)]GV_1)]OS_2)]SS_8)][((ε)SN_7)]"."(punct)OP_3)]PCS_1)]F_2)]


#! ThreadId 753 Output JSON: {"nterm":{"children":[{"nterm":{"children":[{"nterm":{"children":[{"nterm":{"children":[{"nterm":{"children":[{"nterm":{"children":[{"nterm":{"children":[{"term":{"content":"A","name":"prep"}},{"nterm":{"children":[{"term":{"content":"reunião","name":"n"}}],"name":"SS_6"}}],"name":"SP_3"}}],"name":"SAdv_6"}},{"nterm":{"children":[{"term":{"content":"durou","name":"vtd"}},{"nterm":{"children":[{"term":{"content":"cinquenta","name":"nc"}},{"term":{"content":"minutos","name":"n"}}],"name":"SS_1"}}],"name":"GV_1"}}],"name":"OS_2"}}],"name":"SS_8"}},{"nterm":{"children":[{"empty":""}],"name":"SN_7"}},{"term":{"content":".","name":"punct"}}],"name":"OP_3"}}],"name":"PCS_1"}}],"name":"F_2"}}


#! ThreadId 753 Output Latex: [\nt{F_2}[\nt{PCS_1}[\nt{OP_3}[\nt{SS_8}[\nt{OS_2}[\nt{SAdv_6}[\nt{SP_3}[\nt{prep}[\nt{``A"}]][\nt{SS_6}[\nt{n}[\nt{``reunião"}]]]]][\nt{GV_1}[\nt{vtd}[\nt{``durou"}]][\nt{SS_1}[\nt{nc}[\nt{``cinquenta"}]][\nt{n}[\nt{``minutos"}]]]]]][\nt{SN_7}[\nt{\epsilon}]][\nt{punct}[\nt{``."}]]]]]


#! ThreadId 1486 Output Plain: [([([([([("A"(artd)PrA_1)]"reunião"(n)SS_9)][("durou"(vtd)[("cinquenta"(nc)"minutos"(n)SS_1)]SV_5)]"."(punct)OP_4)]PCS_1)]F_2)]


#! ThreadId 1486 Output JSON: {"nterm":{"children":[{"nterm":{"children":[{"nterm":{"children":[{"nterm":{"children":[{"nterm":{"children":[{"term":{"content":"A","name":"artd"}}],"name":"PrA_1"}},{"term":{"content":"reunião","name":"n"}}],"name":"SS_9"}},{"nterm":{"children":[{"term":{"content":"durou","name":"vtd"}},{"nterm":{"children":[{"term":{"content":"cinquenta","name":"nc"}},{"term":{"content":"minutos","name":"n"}}],"name":"SS_1"}}],"name":"SV_5"}},{"term":{"content":".","name":"punct"}}],"name":"OP_4"}}],"name":"PCS_1"}}],"name":"F_2"}}


#! ThreadId 1975 Output Plain: [([([([([("A"(artd)PrA_1)]"reunião"(n)SS_9)][("durou"(vtd)[("cinquenta"(nc)"minutos"(n)SS_1)]SV_5)]"."(punct)OA_4)]PS_1)]F_3)]


#! ThreadId 1486 Output Latex: [\nt{F_2}[\nt{PCS_1}[\nt{OP_4}[\nt{SS_9}[\nt{PrA_1}[\nt{artd}[\nt{``A"}]]][\nt{n}[\nt{``reunião"}]]][\nt{SV_5}[\nt{vtd}[\nt{``durou"}]][\nt{SS_1}[\nt{nc}[\nt{``cinquenta"}]][\nt{n}[\nt{``minutos"}]]]][\nt{punct}[\nt{``."}]]]]]


#! ThreadId 1975 Output JSON: {"nterm":{"children":[{"nterm":{"children":[{"nterm":{"children":[{"nterm":{"children":[{"nterm":{"children":[{"term":{"content":"A","name":"artd"}}],"name":"PrA_1"}},{"term":{"content":"reunião","name":"n"}}],"name":"SS_9"}},{"nterm":{"children":[{"term":{"content":"durou","name":"vtd"}},{"nterm":{"children":[{"term":{"content":"cinquenta","name":"nc"}},{"term":{"content":"minutos","name":"n"}}],"name":"SS_1"}}],"name":"SV_5"}},{"term":{"content":".","name":"punct"}}],"name":"OA_4"}}],"name":"PS_1"}}],"name":"F_3"}}


#! ThreadId 1975 Output Latex: [\nt{F_3}[\nt{PS_1}[\nt{OA_4}[\nt{SS_9}[\nt{PrA_1}[\nt{artd}[\nt{``A"}]]][\nt{n}[\nt{``reunião"}]]][\nt{SV_5}[\nt{vtd}[\nt{``durou"}]][\nt{SS_1}[\nt{nc}[\nt{``cinquenta"}]][\nt{n}[\nt{``minutos"}]]]][\nt{punct}[\nt{``."}]]]]]


#! ThreadId 2378 Output Plain: [([([([([([([("A"(prep)[("reunião"(n)SS_6)]SP_3)]SAdv_6)][("durou"(vtd)[("cinquenta"(nc)"minutos"(n)SS_1)]GV_1)]OS_2)]SS_8)][((ε)SN_7)]"."(punct)OA_3)]PS_1)]F_3)]


#! ThreadId 2378 Output JSON: {"nterm":{"children":[{"nterm":{"children":[{"nterm":{"children":[{"nterm":{"children":[{"nterm":{"children":[{"nterm":{"children":[{"nterm":{"children":[{"term":{"content":"A","name":"prep"}},{"nterm":{"children":[{"term":{"content":"reunião","name":"n"}}],"name":"SS_6"}}],"name":"SP_3"}}],"name":"SAdv_6"}},{"nterm":{"children":[{"term":{"content":"durou","name":"vtd"}},{"nterm":{"children":[{"term":{"content":"cinquenta","name":"nc"}},{"term":{"content":"minutos","name":"n"}}],"name":"SS_1"}}],"name":"GV_1"}}],"name":"OS_2"}}],"name":"SS_8"}},{"nterm":{"children":[{"empty":""}],"name":"SN_7"}},{"term":{"content":".","name":"punct"}}],"name":"OA_3"}}],"name":"PS_1"}}],"name":"F_3"}}


#! ThreadId 2378 Output Latex: [\nt{F_3}[\nt{PS_1}[\nt{OA_3}[\nt{SS_8}[\nt{OS_2}[\nt{SAdv_6}[\nt{SP_3}[\nt{prep}[\nt{``A"}]][\nt{SS_6}[\nt{n}[\nt{``reunião"}]]]]][\nt{GV_1}[\nt{vtd}[\nt{``durou"}]][\nt{SS_1}[\nt{nc}[\nt{``cinquenta"}]][\nt{n}[\nt{``minutos"}]]]]]][\nt{SN_7}[\nt{\epsilon}]][\nt{punct}[\nt{``."}]]]]]

