##################################
#                                #
#           mw2spa NLP           #
#                                #
##################################

Processamento de entrada NLP: arquivo luft01-26.txt
Gramática NLP: arquivo wirth_mod_nlp_luft_all.txt
Dicionário NLP: arquivo /home/nkmiura/Documentos/TeseExperimentos/dict/LuftDict.yml
Done.

#! ThreadId 798 Output Plain: [([([([("João"(np)SS_7)][("colocou"(vtdi)[([("os"(artd)PrA_1)]"livros"(n)SS_9)][("em+"(prep)[([("o"(artd)PrA_1)]"lugar"(n)SS_9)]SP_3)]SV_7)]"."(punct)OP_4)]PCS_1)]F_2)]


#! ThreadId 1143 Output Plain: [([([([("João"(np)SS_7)][("colocou"(vtdi)[([("os"(artd)PrA_1)]"livros"(n)SS_9)][([("em+"(prep)[([("o"(artd)PrA_1)]"lugar"(n)SS_9)]SP_3)]SAdv_6)]SV_6)]"."(punct)OP_4)]PCS_1)]F_2)]


#! ThreadId 798 Output JSON: {"nterm":{"children":[{"nterm":{"children":[{"nterm":{"children":[{"nterm":{"children":[{"term":{"content":"João","name":"np"}}],"name":"SS_7"}},{"nterm":{"children":[{"term":{"content":"colocou","name":"vtdi"}},{"nterm":{"children":[{"nterm":{"children":[{"term":{"content":"os","name":"artd"}}],"name":"PrA_1"}},{"term":{"content":"livros","name":"n"}}],"name":"SS_9"}},{"nterm":{"children":[{"term":{"content":"em+","name":"prep"}},{"nterm":{"children":[{"nterm":{"children":[{"term":{"content":"o","name":"artd"}}],"name":"PrA_1"}},{"term":{"content":"lugar","name":"n"}}],"name":"SS_9"}}],"name":"SP_3"}}],"name":"SV_7"}},{"term":{"content":".","name":"punct"}}],"name":"OP_4"}}],"name":"PCS_1"}}],"name":"F_2"}}


#! ThreadId 1143 Output JSON: {"nterm":{"children":[{"nterm":{"children":[{"nterm":{"children":[{"nterm":{"children":[{"term":{"content":"João","name":"np"}}],"name":"SS_7"}},{"nterm":{"children":[{"term":{"content":"colocou","name":"vtdi"}},{"nterm":{"children":[{"nterm":{"children":[{"term":{"content":"os","name":"artd"}}],"name":"PrA_1"}},{"term":{"content":"livros","name":"n"}}],"name":"SS_9"}},{"nterm":{"children":[{"nterm":{"children":[{"term":{"content":"em+","name":"prep"}},{"nterm":{"children":[{"nterm":{"children":[{"term":{"content":"o","name":"artd"}}],"name":"PrA_1"}},{"term":{"content":"lugar","name":"n"}}],"name":"SS_9"}}],"name":"SP_3"}}],"name":"SAdv_6"}}],"name":"SV_6"}},{"term":{"content":".","name":"punct"}}],"name":"OP_4"}}],"name":"PCS_1"}}],"name":"F_2"}}


#! ThreadId 798 Output Latex: [\nt{F_2}[\nt{PCS_1}[\nt{OP_4}[\nt{SS_7}[\nt{np}[\nt{``João"}]]][\nt{SV_7}[\nt{vtdi}[\nt{``colocou"}]][\nt{SS_9}[\nt{PrA_1}[\nt{artd}[\nt{``os"}]]][\nt{n}[\nt{``livros"}]]][\nt{SP_3}[\nt{prep}[\nt{``em+"}]][\nt{SS_9}[\nt{PrA_1}[\nt{artd}[\nt{``o"}]]][\nt{n}[\nt{``lugar"}]]]]][\nt{punct}[\nt{``."}]]]]]


#! ThreadId 1143 Output Latex: [\nt{F_2}[\nt{PCS_1}[\nt{OP_4}[\nt{SS_7}[\nt{np}[\nt{``João"}]]][\nt{SV_6}[\nt{vtdi}[\nt{``colocou"}]][\nt{SS_9}[\nt{PrA_1}[\nt{artd}[\nt{``os"}]]][\nt{n}[\nt{``livros"}]]][\nt{SAdv_6}[\nt{SP_3}[\nt{prep}[\nt{``em+"}]][\nt{SS_9}[\nt{PrA_1}[\nt{artd}[\nt{``o"}]]][\nt{n}[\nt{``lugar"}]]]]]][\nt{punct}[\nt{``."}]]]]]


#! ThreadId 3011 Output Plain: [([([([("João"(np)SS_7)][("colocou"(vtdi)[([("os"(artd)PrA_1)]"livros"(n)SS_9)][("em+"(prep)[([("o"(artd)PrA_1)]"lugar"(n)SS_9)]SP_3)]SV_7)]"."(punct)OA_4)]PS_1)]F_3)]


#! ThreadId 3011 Output JSON: {"nterm":{"children":[{"nterm":{"children":[{"nterm":{"children":[{"nterm":{"children":[{"term":{"content":"João","name":"np"}}],"name":"SS_7"}},{"nterm":{"children":[{"term":{"content":"colocou","name":"vtdi"}},{"nterm":{"children":[{"nterm":{"children":[{"term":{"content":"os","name":"artd"}}],"name":"PrA_1"}},{"term":{"content":"livros","name":"n"}}],"name":"SS_9"}},{"nterm":{"children":[{"term":{"content":"em+","name":"prep"}},{"nterm":{"children":[{"nterm":{"children":[{"term":{"content":"o","name":"artd"}}],"name":"PrA_1"}},{"term":{"content":"lugar","name":"n"}}],"name":"SS_9"}}],"name":"SP_3"}}],"name":"SV_7"}},{"term":{"content":".","name":"punct"}}],"name":"OA_4"}}],"name":"PS_1"}}],"name":"F_3"}}


#! ThreadId 3011 Output Latex: [\nt{F_3}[\nt{PS_1}[\nt{OA_4}[\nt{SS_7}[\nt{np}[\nt{``João"}]]][\nt{SV_7}[\nt{vtdi}[\nt{``colocou"}]][\nt{SS_9}[\nt{PrA_1}[\nt{artd}[\nt{``os"}]]][\nt{n}[\nt{``livros"}]]][\nt{SP_3}[\nt{prep}[\nt{``em+"}]][\nt{SS_9}[\nt{PrA_1}[\nt{artd}[\nt{``o"}]]][\nt{n}[\nt{``lugar"}]]]]][\nt{punct}[\nt{``."}]]]]]


#! ThreadId 3494 Output Plain: [([([([("João"(np)SS_7)][("colocou"(vtdi)[([("os"(artd)PrA_1)]"livros"(n)SS_9)][([("em+"(prep)[([("o"(artd)PrA_1)]"lugar"(n)SS_9)]SP_3)]SAdv_6)]SV_6)]"."(punct)OA_4)]PS_1)]F_3)]


#! ThreadId 3494 Output JSON: {"nterm":{"children":[{"nterm":{"children":[{"nterm":{"children":[{"nterm":{"children":[{"term":{"content":"João","name":"np"}}],"name":"SS_7"}},{"nterm":{"children":[{"term":{"content":"colocou","name":"vtdi"}},{"nterm":{"children":[{"nterm":{"children":[{"term":{"content":"os","name":"artd"}}],"name":"PrA_1"}},{"term":{"content":"livros","name":"n"}}],"name":"SS_9"}},{"nterm":{"children":[{"nterm":{"children":[{"term":{"content":"em+","name":"prep"}},{"nterm":{"children":[{"nterm":{"children":[{"term":{"content":"o","name":"artd"}}],"name":"PrA_1"}},{"term":{"content":"lugar","name":"n"}}],"name":"SS_9"}}],"name":"SP_3"}}],"name":"SAdv_6"}}],"name":"SV_6"}},{"term":{"content":".","name":"punct"}}],"name":"OA_4"}}],"name":"PS_1"}}],"name":"F_3"}}


#! ThreadId 3494 Output Latex: [\nt{F_3}[\nt{PS_1}[\nt{OA_4}[\nt{SS_7}[\nt{np}[\nt{``João"}]]][\nt{SV_6}[\nt{vtdi}[\nt{``colocou"}]][\nt{SS_9}[\nt{PrA_1}[\nt{artd}[\nt{``os"}]]][\nt{n}[\nt{``livros"}]]][\nt{SAdv_6}[\nt{SP_3}[\nt{prep}[\nt{``em+"}]][\nt{SS_9}[\nt{PrA_1}[\nt{artd}[\nt{``o"}]]][\nt{n}[\nt{``lugar"}]]]]]][\nt{punct}[\nt{``."}]]]]]

