##################################
#                                #
#           mw2spa NLP           #
#                                #
##################################

Processamento de entrada NLP: arquivo luft01-25.txt
Gramática NLP: arquivo wirth_mod_nlp_luft_all.txt
Dicionário NLP: arquivo /home/nkmiura/Documentos/TeseExperimentos/dict/LuftDict.yml
Done.

#! ThreadId 959 Output Plain: [([([([("Eu"(ppr)SS_3)][("lembrei"(vtdi)[("Maria"(np)SS_7)][("de"(prep)[([("a"(artd)PrA_1)]"promessa"(n)SS_9)]SP_3)]SV_7)]"."(punct)OA_4)]PS_1)]F_3)]


#! ThreadId 521 Output Plain: [([([([("Eu"(ppr)SS_3)][("lembrei"(vtdi)[("Maria"(np)SS_7)][("de"(prep)[([("a"(artd)PrA_1)]"promessa"(n)SS_9)]SP_3)]SV_7)]"."(punct)OP_4)]PCS_1)]F_2)]


#! ThreadId 959 Output JSON: {"nterm":{"children":[{"nterm":{"children":[{"nterm":{"children":[{"nterm":{"children":[{"term":{"content":"Eu","name":"ppr"}}],"name":"SS_3"}},{"nterm":{"children":[{"term":{"content":"lembrei","name":"vtdi"}},{"nterm":{"children":[{"term":{"content":"Maria","name":"np"}}],"name":"SS_7"}},{"nterm":{"children":[{"term":{"content":"de","name":"prep"}},{"nterm":{"children":[{"nterm":{"children":[{"term":{"content":"a","name":"artd"}}],"name":"PrA_1"}},{"term":{"content":"promessa","name":"n"}}],"name":"SS_9"}}],"name":"SP_3"}}],"name":"SV_7"}},{"term":{"content":".","name":"punct"}}],"name":"OA_4"}}],"name":"PS_1"}}],"name":"F_3"}}


#! ThreadId 521 Output JSON: {"nterm":{"children":[{"nterm":{"children":[{"nterm":{"children":[{"nterm":{"children":[{"term":{"content":"Eu","name":"ppr"}}],"name":"SS_3"}},{"nterm":{"children":[{"term":{"content":"lembrei","name":"vtdi"}},{"nterm":{"children":[{"term":{"content":"Maria","name":"np"}}],"name":"SS_7"}},{"nterm":{"children":[{"term":{"content":"de","name":"prep"}},{"nterm":{"children":[{"nterm":{"children":[{"term":{"content":"a","name":"artd"}}],"name":"PrA_1"}},{"term":{"content":"promessa","name":"n"}}],"name":"SS_9"}}],"name":"SP_3"}}],"name":"SV_7"}},{"term":{"content":".","name":"punct"}}],"name":"OP_4"}}],"name":"PCS_1"}}],"name":"F_2"}}


#! ThreadId 959 Output Latex: [\nt{F_3}[\nt{PS_1}[\nt{OA_4}[\nt{SS_3}[\nt{ppr}[\nt{``Eu"}]]][\nt{SV_7}[\nt{vtdi}[\nt{``lembrei"}]][\nt{SS_7}[\nt{np}[\nt{``Maria"}]]][\nt{SP_3}[\nt{prep}[\nt{``de"}]][\nt{SS_9}[\nt{PrA_1}[\nt{artd}[\nt{``a"}]]][\nt{n}[\nt{``promessa"}]]]]][\nt{punct}[\nt{``."}]]]]]


#! ThreadId 521 Output Latex: [\nt{F_2}[\nt{PCS_1}[\nt{OP_4}[\nt{SS_3}[\nt{ppr}[\nt{``Eu"}]]][\nt{SV_7}[\nt{vtdi}[\nt{``lembrei"}]][\nt{SS_7}[\nt{np}[\nt{``Maria"}]]][\nt{SP_3}[\nt{prep}[\nt{``de"}]][\nt{SS_9}[\nt{PrA_1}[\nt{artd}[\nt{``a"}]]][\nt{n}[\nt{``promessa"}]]]]][\nt{punct}[\nt{``."}]]]]]


#! ThreadId 725 Output Plain: [([([([("Eu"(ppr)SS_3)][("lembrei"(vtdi)[("Maria"(np)SS_7)][([("de"(prep)[([("a"(artd)PrA_1)]"promessa"(n)SS_9)]SP_3)]SAdv_6)]SV_6)]"."(punct)OP_4)]PCS_1)]F_2)]


#! ThreadId 725 Output JSON: {"nterm":{"children":[{"nterm":{"children":[{"nterm":{"children":[{"nterm":{"children":[{"term":{"content":"Eu","name":"ppr"}}],"name":"SS_3"}},{"nterm":{"children":[{"term":{"content":"lembrei","name":"vtdi"}},{"nterm":{"children":[{"term":{"content":"Maria","name":"np"}}],"name":"SS_7"}},{"nterm":{"children":[{"nterm":{"children":[{"term":{"content":"de","name":"prep"}},{"nterm":{"children":[{"nterm":{"children":[{"term":{"content":"a","name":"artd"}}],"name":"PrA_1"}},{"term":{"content":"promessa","name":"n"}}],"name":"SS_9"}}],"name":"SP_3"}}],"name":"SAdv_6"}}],"name":"SV_6"}},{"term":{"content":".","name":"punct"}}],"name":"OP_4"}}],"name":"PCS_1"}}],"name":"F_2"}}


#! ThreadId 725 Output Latex: [\nt{F_2}[\nt{PCS_1}[\nt{OP_4}[\nt{SS_3}[\nt{ppr}[\nt{``Eu"}]]][\nt{SV_6}[\nt{vtdi}[\nt{``lembrei"}]][\nt{SS_7}[\nt{np}[\nt{``Maria"}]]][\nt{SAdv_6}[\nt{SP_3}[\nt{prep}[\nt{``de"}]][\nt{SS_9}[\nt{PrA_1}[\nt{artd}[\nt{``a"}]]][\nt{n}[\nt{``promessa"}]]]]]][\nt{punct}[\nt{``."}]]]]]


#! ThreadId 1354 Output Plain: [([([([("Eu"(ppr)SS_3)][("lembrei"(vtdi)[("Maria"(np)SS_7)][([("de"(prep)[([("a"(artd)PrA_1)]"promessa"(n)SS_9)]SP_3)]SAdv_6)]SV_6)]"."(punct)OA_4)]PS_1)]F_3)]


#! ThreadId 1354 Output JSON: {"nterm":{"children":[{"nterm":{"children":[{"nterm":{"children":[{"nterm":{"children":[{"term":{"content":"Eu","name":"ppr"}}],"name":"SS_3"}},{"nterm":{"children":[{"term":{"content":"lembrei","name":"vtdi"}},{"nterm":{"children":[{"term":{"content":"Maria","name":"np"}}],"name":"SS_7"}},{"nterm":{"children":[{"nterm":{"children":[{"term":{"content":"de","name":"prep"}},{"nterm":{"children":[{"nterm":{"children":[{"term":{"content":"a","name":"artd"}}],"name":"PrA_1"}},{"term":{"content":"promessa","name":"n"}}],"name":"SS_9"}}],"name":"SP_3"}}],"name":"SAdv_6"}}],"name":"SV_6"}},{"term":{"content":".","name":"punct"}}],"name":"OA_4"}}],"name":"PS_1"}}],"name":"F_3"}}


#! ThreadId 1354 Output Latex: [\nt{F_3}[\nt{PS_1}[\nt{OA_4}[\nt{SS_3}[\nt{ppr}[\nt{``Eu"}]]][\nt{SV_6}[\nt{vtdi}[\nt{``lembrei"}]][\nt{SS_7}[\nt{np}[\nt{``Maria"}]]][\nt{SAdv_6}[\nt{SP_3}[\nt{prep}[\nt{``de"}]][\nt{SS_9}[\nt{PrA_1}[\nt{artd}[\nt{``a"}]]][\nt{n}[\nt{``promessa"}]]]]]][\nt{punct}[\nt{``."}]]]]]

