##################################
#                                #
#           mw2spa NLP           #
#                                #
##################################

Processamento de entrada NLP: arquivo luft01-27.txt
Gramática NLP: arquivo wirth_mod_nlp_luft_all.txt
Dicionário NLP: arquivo /home/nkmiura/Documentos/TeseExperimentos/dict/LuftDict.yml
Done.

#! ThreadId 1065 Output Plain: [([([([("Ele"(ppr)SS_3)][("atirou"(vtdi)[([("o"(artd)PrA_1)]"caderno"(n)SS_9)][("contra"(prep)[([("a"(artd)PrA_1)]"parede"(n)SS_9)]SP_3)]SV_7)]"."(punct)OP_4)]PCS_1)]F_2)]


#! ThreadId 1065 Output JSON: {"nterm":{"children":[{"nterm":{"children":[{"nterm":{"children":[{"nterm":{"children":[{"term":{"content":"Ele","name":"ppr"}}],"name":"SS_3"}},{"nterm":{"children":[{"term":{"content":"atirou","name":"vtdi"}},{"nterm":{"children":[{"nterm":{"children":[{"term":{"content":"o","name":"artd"}}],"name":"PrA_1"}},{"term":{"content":"caderno","name":"n"}}],"name":"SS_9"}},{"nterm":{"children":[{"term":{"content":"contra","name":"prep"}},{"nterm":{"children":[{"nterm":{"children":[{"term":{"content":"a","name":"artd"}}],"name":"PrA_1"}},{"term":{"content":"parede","name":"n"}}],"name":"SS_9"}}],"name":"SP_3"}}],"name":"SV_7"}},{"term":{"content":".","name":"punct"}}],"name":"OP_4"}}],"name":"PCS_1"}}],"name":"F_2"}}


#! ThreadId 1445 Output Plain: [([([([("Ele"(ppr)SS_3)][("atirou"(vtdi)[([("o"(artd)PrA_1)]"caderno"(n)SS_9)][("contra"(prep)[([("a"(artd)PrA_1)]"parede"(n)SS_9)]SP_3)]SV_7)]"."(punct)OA_4)]PS_1)]F_3)]


#! ThreadId 1445 Output JSON: {"nterm":{"children":[{"nterm":{"children":[{"nterm":{"children":[{"nterm":{"children":[{"term":{"content":"Ele","name":"ppr"}}],"name":"SS_3"}},{"nterm":{"children":[{"term":{"content":"atirou","name":"vtdi"}},{"nterm":{"children":[{"nterm":{"children":[{"term":{"content":"o","name":"artd"}}],"name":"PrA_1"}},{"term":{"content":"caderno","name":"n"}}],"name":"SS_9"}},{"nterm":{"children":[{"term":{"content":"contra","name":"prep"}},{"nterm":{"children":[{"nterm":{"children":[{"term":{"content":"a","name":"artd"}}],"name":"PrA_1"}},{"term":{"content":"parede","name":"n"}}],"name":"SS_9"}}],"name":"SP_3"}}],"name":"SV_7"}},{"term":{"content":".","name":"punct"}}],"name":"OA_4"}}],"name":"PS_1"}}],"name":"F_3"}}


#! ThreadId 1065 Output Latex: [\nt{F_2}[\nt{PCS_1}[\nt{OP_4}[\nt{SS_3}[\nt{ppr}[\nt{``Ele"}]]][\nt{SV_7}[\nt{vtdi}[\nt{``atirou"}]][\nt{SS_9}[\nt{PrA_1}[\nt{artd}[\nt{``o"}]]][\nt{n}[\nt{``caderno"}]]][\nt{SP_3}[\nt{prep}[\nt{``contra"}]][\nt{SS_9}[\nt{PrA_1}[\nt{artd}[\nt{``a"}]]][\nt{n}[\nt{``parede"}]]]]][\nt{punct}[\nt{``."}]]]]]


#! ThreadId 1445 Output Latex: [\nt{F_3}[\nt{PS_1}[\nt{OA_4}[\nt{SS_3}[\nt{ppr}[\nt{``Ele"}]]][\nt{SV_7}[\nt{vtdi}[\nt{``atirou"}]][\nt{SS_9}[\nt{PrA_1}[\nt{artd}[\nt{``o"}]]][\nt{n}[\nt{``caderno"}]]][\nt{SP_3}[\nt{prep}[\nt{``contra"}]][\nt{SS_9}[\nt{PrA_1}[\nt{artd}[\nt{``a"}]]][\nt{n}[\nt{``parede"}]]]]][\nt{punct}[\nt{``."}]]]]]


#! ThreadId 994 Output Plain: [([([([("Ele"(ppr)SS_3)][("atirou"(vtdi)[([("o"(artd)PrA_1)]"caderno"(n)SS_9)][([("contra"(prep)[([("a"(artd)PrA_1)]"parede"(n)SS_9)]SP_3)]SAdv_6)]SV_6)]"."(punct)OP_4)]PCS_1)]F_2)]


#! ThreadId 994 Output JSON: {"nterm":{"children":[{"nterm":{"children":[{"nterm":{"children":[{"nterm":{"children":[{"term":{"content":"Ele","name":"ppr"}}],"name":"SS_3"}},{"nterm":{"children":[{"term":{"content":"atirou","name":"vtdi"}},{"nterm":{"children":[{"nterm":{"children":[{"term":{"content":"o","name":"artd"}}],"name":"PrA_1"}},{"term":{"content":"caderno","name":"n"}}],"name":"SS_9"}},{"nterm":{"children":[{"nterm":{"children":[{"term":{"content":"contra","name":"prep"}},{"nterm":{"children":[{"nterm":{"children":[{"term":{"content":"a","name":"artd"}}],"name":"PrA_1"}},{"term":{"content":"parede","name":"n"}}],"name":"SS_9"}}],"name":"SP_3"}}],"name":"SAdv_6"}}],"name":"SV_6"}},{"term":{"content":".","name":"punct"}}],"name":"OP_4"}}],"name":"PCS_1"}}],"name":"F_2"}}


#! ThreadId 994 Output Latex: [\nt{F_2}[\nt{PCS_1}[\nt{OP_4}[\nt{SS_3}[\nt{ppr}[\nt{``Ele"}]]][\nt{SV_6}[\nt{vtdi}[\nt{``atirou"}]][\nt{SS_9}[\nt{PrA_1}[\nt{artd}[\nt{``o"}]]][\nt{n}[\nt{``caderno"}]]][\nt{SAdv_6}[\nt{SP_3}[\nt{prep}[\nt{``contra"}]][\nt{SS_9}[\nt{PrA_1}[\nt{artd}[\nt{``a"}]]][\nt{n}[\nt{``parede"}]]]]]][\nt{punct}[\nt{``."}]]]]]


#! ThreadId 4407 Output Plain: [([([([("Ele"(ppr)SS_3)][("atirou"(vtdi)[([("o"(artd)PrA_1)]"caderno"(n)SS_9)][([("contra"(prep)[([("a"(artd)PrA_1)]"parede"(n)SS_9)]SP_3)]SAdv_6)]SV_6)]"."(punct)OA_4)]PS_1)]F_3)]


#! ThreadId 4407 Output JSON: {"nterm":{"children":[{"nterm":{"children":[{"nterm":{"children":[{"nterm":{"children":[{"term":{"content":"Ele","name":"ppr"}}],"name":"SS_3"}},{"nterm":{"children":[{"term":{"content":"atirou","name":"vtdi"}},{"nterm":{"children":[{"nterm":{"children":[{"term":{"content":"o","name":"artd"}}],"name":"PrA_1"}},{"term":{"content":"caderno","name":"n"}}],"name":"SS_9"}},{"nterm":{"children":[{"nterm":{"children":[{"term":{"content":"contra","name":"prep"}},{"nterm":{"children":[{"nterm":{"children":[{"term":{"content":"a","name":"artd"}}],"name":"PrA_1"}},{"term":{"content":"parede","name":"n"}}],"name":"SS_9"}}],"name":"SP_3"}}],"name":"SAdv_6"}}],"name":"SV_6"}},{"term":{"content":".","name":"punct"}}],"name":"OA_4"}}],"name":"PS_1"}}],"name":"F_3"}}


#! ThreadId 4407 Output Latex: [\nt{F_3}[\nt{PS_1}[\nt{OA_4}[\nt{SS_3}[\nt{ppr}[\nt{``Ele"}]]][\nt{SV_6}[\nt{vtdi}[\nt{``atirou"}]][\nt{SS_9}[\nt{PrA_1}[\nt{artd}[\nt{``o"}]]][\nt{n}[\nt{``caderno"}]]][\nt{SAdv_6}[\nt{SP_3}[\nt{prep}[\nt{``contra"}]][\nt{SS_9}[\nt{PrA_1}[\nt{artd}[\nt{``a"}]]][\nt{n}[\nt{``parede"}]]]]]][\nt{punct}[\nt{``."}]]]]]

